[0.005s] Invoking command in '/home/cirl/ros_gz_project_template-main/build/ros_gz_example_application': CMAKE_PREFIX_PATH=${CMAKE_PREFIX_PATH}:/home/cirl/ros_gz_project_template-main/install/ros_rl:/home/cirl/ros_gz_project_template-main/install/gps_to_gazebo:/opt/ros/jazzy DEBUGINFOD_URLS=https://debuginfod.ubuntu.com /usr/bin/cmake --build /home/cirl/ros_gz_project_template-main/build/ros_gz_example_application -- -j32 -l32
[0.047s] [ 15%] Built target Robot_pid_control_node
[0.049s] [ 30%] Built target talker
[0.050s] [ 46%] Built target image_processor_node
[0.050s] [ 69%] Built target UAV_pid_control_node
[0.051s] [ 76%] Built target listener
[0.061s] [ 84%] [32mBuilding CXX object CMakeFiles/odometry_publisher_node.dir/src/odometry.cpp.o[0m
[0.062s] [ 92%] [32mBuilding CXX object CMakeFiles/odometry_publisher_node.dir/src/odometry_publish.cpp.o[0m
[0.949s] [01m[K/home/cirl/ros_gz_project_template-main/ros_gz_example_application/src/odometry.cpp:30:6:[m[K [01;31m[Kerror: [m[Kno declaration matches â€˜[01m[Kbool four_wheel_steering_controller::Odometry::[01;32m[Kupdate[m[K(double, double, double, double, double, double, const rclcpp::Time&)[m[Kâ€™
[0.949s]    30 | bool [01;31m[KOdometry[m[K::update(double fl_speed, double fr_speed,
[0.949s]       |      [01;31m[K^~~~~~~~[m[K
[0.949s] In file included from [01m[K/home/cirl/ros_gz_project_template-main/ros_gz_example_application/src/odometry.cpp:1[m[K:
[0.949s] [01m[K/home/cirl/ros_gz_project_template-main/ros_gz_example_application/include/ros_gz_example_application/odometry.hpp:85:10:[m[K [01;36m[Knote: [m[Kcandidate is: â€˜[01m[Kbool four_wheel_steering_controller::Odometry::[01;32m[Kupdate[m[K(const double&, const double&, const double&, const double&, double, double, const rclcpp::Time&)[m[Kâ€™
[0.949s]    85 |     bool [01;36m[Kupdate[m[K(const double& fl_speed, const double& fr_speed, const double& rl_speed, const double& rr_speed,
[0.949s]       |          [01;36m[K^~~~~~[m[K
[0.949s] [01m[K/home/cirl/ros_gz_project_template-main/ros_gz_example_application/include/ros_gz_example_application/odometry.hpp:53:9:[m[K [01;36m[Knote: [m[Kâ€˜[01m[Kclass four_wheel_steering_controller::Odometry[m[Kâ€™ defined here
[0.949s]    53 |   class [01;36m[KOdometry[m[K
[0.949s]       |         [01;36m[K^~~~~~~~[m[K
[0.949s] [01m[K/home/cirl/ros_gz_project_template-main/ros_gz_example_application/src/odometry.cpp:56:6:[m[K [01;31m[Kerror: [m[Kno declaration matches â€˜[01m[Kvoid four_wheel_steering_controller::Odometry::[01;32m[KintegrateXY[m[K(double, double, double)[m[Kâ€™
[0.949s]    56 | void [01;31m[KOdometry[m[K::integrateXY(double lx, double ly, double da)
[0.949s]       |      [01;31m[K^~~~~~~~[m[K
[0.949s] [01m[K/home/cirl/ros_gz_project_template-main/ros_gz_example_application/include/ros_gz_example_application/odometry.hpp:216:10:[m[K [01;36m[Knote: [m[Kcandidate is: â€˜[01m[Kvoid four_wheel_steering_controller::Odometry::[01;32m[KintegrateXY[m[K(double, double, double, bool)[m[Kâ€™
[0.949s]   216 |     void [01;36m[KintegrateXY[m[K(double linear_x, double linear_y, double angular, bool pivot_turn);
[0.950s]       |          [01;36m[K^~~~~~~~~~~[m[K
[0.950s] [01m[K/home/cirl/ros_gz_project_template-main/ros_gz_example_application/include/ros_gz_example_application/odometry.hpp:53:9:[m[K [01;36m[Knote: [m[Kâ€˜[01m[Kclass four_wheel_steering_controller::Odometry[m[Kâ€™ defined here
[0.950s]    53 |   class [01;36m[KOdometry[m[K
[0.950s]       |         [01;36m[K^~~~~~~~[m[K
[1.034s] gmake[2]: *** [CMakeFiles/odometry_publisher_node.dir/build.make:76: CMakeFiles/odometry_publisher_node.dir/src/odometry.cpp.o] Error 1
[1.034s] gmake[2]: *** Waiting for unfinished jobs....
[4.444s] gmake[1]: *** [CMakeFiles/Makefile2:277: CMakeFiles/odometry_publisher_node.dir/all] Error 2
[4.444s] gmake: *** [Makefile:146: all] Error 2
[4.447s] Invoked command in '/home/cirl/ros_gz_project_template-main/build/ros_gz_example_application' returned '2': CMAKE_PREFIX_PATH=${CMAKE_PREFIX_PATH}:/home/cirl/ros_gz_project_template-main/install/ros_rl:/home/cirl/ros_gz_project_template-main/install/gps_to_gazebo:/opt/ros/jazzy DEBUGINFOD_URLS=https://debuginfod.ubuntu.com /usr/bin/cmake --build /home/cirl/ros_gz_project_template-main/build/ros_gz_example_application -- -j32 -l32
