[01m[K/home/cirl/ros_gz_project_template-main/ros_gz_example_application/src/UAV_navigation.cpp:[m[K In member function â€˜[01m[Kvoid UAV_Nav_Publisher::[01;32m[KUAV_PID_Control[m[K(float, float)[m[Kâ€™:
[01m[K/home/cirl/ros_gz_project_template-main/ros_gz_example_application/src/UAV_navigation.cpp:40:13:[m[K [01;31m[Kerror: [m[Kâ€˜[01m[Kpub_[m[Kâ€™ was not declared in this scope
   40 |             [01;31m[Kpub_[m[K->publish(msg);
      |             [01;31m[K^~~~[m[K
gmake[2]: *** [CMakeFiles/UAV_pid_control_node.dir/build.make:76: CMakeFiles/UAV_pid_control_node.dir/src/UAV_navigation.cpp.o] Error 1
gmake[1]: *** [CMakeFiles/Makefile2:221: CMakeFiles/UAV_pid_control_node.dir/all] Error 2
gmake: *** [Makefile:146: all] Error 2
