[ 50%] Built target listener
[ 50%] Built target talker
[ 75%] Built target image_processor_node
[ 87%] [32mBuilding CXX object CMakeFiles/UAV_pid_control_node.dir/src/UAV_navigation.cpp.o[0m
[01m[K/home/cirl/ros_gz_project_template-main/ros_gz_example_application/src/UAV_navigation.cpp:[m[K In constructor â€˜[01m[KUAV_Nav_Publisher::[01;32m[KUAV_Nav_Publisher[m[K()[m[Kâ€™:
[01m[K/home/cirl/ros_gz_project_template-main/ros_gz_example_application/src/UAV_navigation.cpp:24:13:[m[K [01;31m[Kerror: [m[Kâ€˜[01m[Kpublisher_[m[Kâ€™ was not declared in this scope; did you mean â€˜[01m[Krmw_publisher_t[m[Kâ€™?
   24 |             [01;31m[Kpublisher_[m[K = gz_node_.Advertise<gz::msgs::Twist>("/model/x3/cmd_vel");
      |             [01;31m[K^~~~~~~~~~[m[K
      |             [32m[Krmw_publisher_t[m[K
[01m[K/home/cirl/ros_gz_project_template-main/ros_gz_example_application/src/UAV_navigation.cpp:24:26:[m[K [01;31m[Kerror: [m[Kâ€˜[01m[Kgz_node_[m[Kâ€™ was not declared in this scope; did you mean â€˜[01m[Krmw_node_t[m[Kâ€™?
   24 |             publisher_ = [01;31m[Kgz_node_[m[K.Advertise<gz::msgs::Twist>("/model/x3/cmd_vel");
      |                          [01;31m[K^~~~~~~~[m[K
      |                          [32m[Krmw_node_t[m[K
[01m[K/home/cirl/ros_gz_project_template-main/ros_gz_example_application/src/UAV_navigation.cpp:24:45:[m[K [01;31m[Kerror: [m[Kâ€˜[01m[Kgz[m[Kâ€™ has not been declared
   24 |             publisher_ = gz_node_.Advertise<[01;31m[Kgz[m[K::msgs::Twist>("/model/x3/cmd_vel");
      |                                             [01;31m[K^~[m[K
gmake[2]: *** [CMakeFiles/UAV_pid_control_node.dir/build.make:76: CMakeFiles/UAV_pid_control_node.dir/src/UAV_navigation.cpp.o] Error 1
gmake[1]: *** [CMakeFiles/Makefile2:221: CMakeFiles/UAV_pid_control_node.dir/all] Error 2
gmake: *** [Makefile:146: all] Error 2
