[0.012s] Invoking command in '/home/cirl/ros_gz_project_template-main/build/ros_gz_example_application': CMAKE_PREFIX_PATH=${CMAKE_PREFIX_PATH}:/opt/ros/jazzy DEBUGINFOD_URLS=https://debuginfod.ubuntu.com /usr/bin/cmake --build /home/cirl/ros_gz_project_template-main/build/ros_gz_example_application -- -j32 -l32
[0.054s] [ 50%] Built target listener
[0.054s] [ 50%] Built target talker
[0.056s] [ 75%] Built target image_processor_node
[0.056s] [ 87%] [32mBuilding CXX object CMakeFiles/UAV_pid_control_node.dir/src/UAV_navigation.cpp.o[0m
[1.279s] [01m[K/home/cirl/ros_gz_project_template-main/ros_gz_example_application/src/UAV_navigation.cpp:[m[K In constructor â€˜[01m[KUAV_Nav_Publisher::[01;32m[KUAV_Nav_Publisher[m[K()[m[Kâ€™:
[1.279s] [01m[K/home/cirl/ros_gz_project_template-main/ros_gz_example_application/src/UAV_navigation.cpp:24:13:[m[K [01;31m[Kerror: [m[Kâ€˜[01m[Kpublisher_[m[Kâ€™ was not declared in this scope; did you mean â€˜[01m[Krmw_publisher_t[m[Kâ€™?
[1.279s]    24 |             [01;31m[Kpublisher_[m[K = gz_node_.Advertise<gz::msgs::Twist>("/model/x3/cmd_vel");
[1.279s]       |             [01;31m[K^~~~~~~~~~[m[K
[1.279s]       |             [32m[Krmw_publisher_t[m[K
[1.283s] [01m[K/home/cirl/ros_gz_project_template-main/ros_gz_example_application/src/UAV_navigation.cpp:24:26:[m[K [01;31m[Kerror: [m[Kâ€˜[01m[Kgz_node_[m[Kâ€™ was not declared in this scope; did you mean â€˜[01m[Krmw_node_t[m[Kâ€™?
[1.283s]    24 |             publisher_ = [01;31m[Kgz_node_[m[K.Advertise<gz::msgs::Twist>("/model/x3/cmd_vel");
[1.283s]       |                          [01;31m[K^~~~~~~~[m[K
[1.283s]       |                          [32m[Krmw_node_t[m[K
[1.283s] [01m[K/home/cirl/ros_gz_project_template-main/ros_gz_example_application/src/UAV_navigation.cpp:24:45:[m[K [01;31m[Kerror: [m[Kâ€˜[01m[Kgz[m[Kâ€™ has not been declared
[1.283s]    24 |             publisher_ = gz_node_.Advertise<[01;31m[Kgz[m[K::msgs::Twist>("/model/x3/cmd_vel");
[1.283s]       |                                             [01;31m[K^~[m[K
[2.428s] gmake[2]: *** [CMakeFiles/UAV_pid_control_node.dir/build.make:76: CMakeFiles/UAV_pid_control_node.dir/src/UAV_navigation.cpp.o] Error 1
[2.429s] gmake[1]: *** [CMakeFiles/Makefile2:221: CMakeFiles/UAV_pid_control_node.dir/all] Error 2
[2.429s] gmake: *** [Makefile:146: all] Error 2
[2.431s] Invoked command in '/home/cirl/ros_gz_project_template-main/build/ros_gz_example_application' returned '2': CMAKE_PREFIX_PATH=${CMAKE_PREFIX_PATH}:/opt/ros/jazzy DEBUGINFOD_URLS=https://debuginfod.ubuntu.com /usr/bin/cmake --build /home/cirl/ros_gz_project_template-main/build/ros_gz_example_application -- -j32 -l32
