[ 25%] Built target talker
[ 50%] Built target listener
[ 75%] Built target image_processor_node
[ 87%] [32mBuilding CXX object CMakeFiles/UAV_pid_control_node.dir/src/UAV_navigation.cpp.o[0m
[01m[K/home/cirl/ros_gz_project_template-main/ros_gz_example_application/src/UAV_navigation.cpp:[m[K In member function â€˜[01m[Kvoid UAV_Nav_Publisher::[01;32m[KUAV_PID_Control[m[K(float, float)[m[Kâ€™:
[01m[K/home/cirl/ros_gz_project_template-main/ros_gz_example_application/src/UAV_navigation.cpp:37:13:[m[K [01;31m[Kerror: [m[Kâ€˜[01m[Kgz[m[Kâ€™ has not been declared
   37 |             [01;31m[Kgz[m[K::msgs::Twist cmd_msg;
      |             [01;31m[K^~[m[K
[01m[K/home/cirl/ros_gz_project_template-main/ros_gz_example_application/src/UAV_navigation.cpp:38:13:[m[K [01;31m[Kerror: [m[Kâ€˜[01m[Kgz[m[Kâ€™ has not been declared
   38 |             [01;31m[Kgz[m[K::msgs::Vector3d *linear = cmd_msg.mutable_linear();
      |             [01;31m[K^~[m[K
[01m[K/home/cirl/ros_gz_project_template-main/ros_gz_example_application/src/UAV_navigation.cpp:38:33:[m[K [01;31m[Kerror: [m[Kâ€˜[01m[Klinear[m[Kâ€™ was not declared in this scope; did you mean â€˜[01m[Klinkat[m[Kâ€™?
   38 |             gz::msgs::Vector3d *[01;31m[Klinear[m[K = cmd_msg.mutable_linear();
      |                                 [01;31m[K^~~~~~[m[K
      |                                 [32m[Klinkat[m[K
[01m[K/home/cirl/ros_gz_project_template-main/ros_gz_example_application/src/UAV_navigation.cpp:38:42:[m[K [01;31m[Kerror: [m[Kâ€˜[01m[Kcmd_msg[m[Kâ€™ was not declared in this scope
   38 |             gz::msgs::Vector3d *linear = [01;31m[Kcmd_msg[m[K.mutable_linear();
      |                                          [01;31m[K^~~~~~~[m[K
gmake[2]: *** [CMakeFiles/UAV_pid_control_node.dir/build.make:76: CMakeFiles/UAV_pid_control_node.dir/src/UAV_navigation.cpp.o] Error 1
gmake[1]: *** [CMakeFiles/Makefile2:221: CMakeFiles/UAV_pid_control_node.dir/all] Error 2
gmake: *** [Makefile:146: all] Error 2
