[01m[K/home/cirl/ros_gz_project_template-main/ros_gz_example_application/src/odometry.cpp:[m[K In member function â€˜[01m[Kbool four_wheel_steering_controller::Odometry::[01;32m[Kupdate[m[K(const double&, const double&, const double&, const double&, double, double, const rclcpp::Time&)[m[Kâ€™:
[01m[K/home/cirl/ros_gz_project_template-main/ros_gz_example_application/src/odometry.cpp:65:25:[m[K [01;31m[Kerror: [m[Kâ€˜[01m[Kget_logger[m[Kâ€™ is not a member of â€˜[01m[Krclcpp[m[Kâ€™
   65 |     RCLCPP_INFO(rclcpp::[01;31m[Kget_logger[m[K("odom"), "Pivot turn detected!");
      |                         [01;31m[K^~~~~~~~~~[m[K
[01m[K/home/cirl/ros_gz_project_template-main/ros_gz_example_application/src/odometry.cpp:65:5:[m[K [01;31m[Kerror: [m[Kâ€˜[01m[KRCLCPP_INFO[m[Kâ€™ was not declared in this scope; did you mean â€˜[01m[KRCLCPP_IMPORT[m[Kâ€™?
   65 |     [01;31m[KRCLCPP_INFO[m[K(rclcpp::get_logger("odom"), "Pivot turn detected!");
      |     [01;31m[K^~~~~~~~~~~[m[K
      |     [32m[KRCLCPP_IMPORT[m[K
gmake[2]: *** [CMakeFiles/odometry_publisher_node.dir/build.make:76: CMakeFiles/odometry_publisher_node.dir/src/odometry.cpp.o] Error 1
gmake[1]: *** [CMakeFiles/Makefile2:277: CMakeFiles/odometry_publisher_node.dir/all] Error 2
gmake: *** [Makefile:146: all] Error 2
