[0.114s] Invoking command in '/home/cirl/ros_gz_project_template-main/build/ros_gz_example_application': CMAKE_PREFIX_PATH=${CMAKE_PREFIX_PATH}:/home/cirl/ros_gz_project_template-main/install/ros_rl:/home/cirl/ros_gz_project_template-main/install/gps_to_gazebo:/opt/ros/jazzy DEBUGINFOD_URLS=https://debuginfod.ubuntu.com /usr/bin/cmake --build /home/cirl/ros_gz_project_template-main/build/ros_gz_example_application -- -j32 -l32
[0.217s] [ 76%] Built target Robot_pid_control_node
[0.217s] [ 76%] Built target listener
[0.217s] [ 76%] Built target image_processor_node
[0.217s] [ 76%] Built target UAV_pid_control_node
[0.218s] [ 76%] Built target talker
[0.218s] [ 84%] [32mBuilding CXX object CMakeFiles/odometry_publisher_node.dir/src/odometry.cpp.o[0m
[1.073s] [01m[K/home/cirl/ros_gz_project_template-main/ros_gz_example_application/src/odometry.cpp:[m[K In member function â€˜[01m[Kbool four_wheel_steering_controller::Odometry::[01;32m[Kupdate[m[K(const double&, const double&, const double&, const double&, double, double, const rclcpp::Time&)[m[Kâ€™:
[1.073s] [01m[K/home/cirl/ros_gz_project_template-main/ros_gz_example_application/src/odometry.cpp:65:25:[m[K [01;31m[Kerror: [m[Kâ€˜[01m[Kget_logger[m[Kâ€™ is not a member of â€˜[01m[Krclcpp[m[Kâ€™
[1.073s]    65 |     RCLCPP_INFO(rclcpp::[01;31m[Kget_logger[m[K("odom"), "Pivot turn detected!");
[1.073s]       |                         [01;31m[K^~~~~~~~~~[m[K
[1.077s] [01m[K/home/cirl/ros_gz_project_template-main/ros_gz_example_application/src/odometry.cpp:65:5:[m[K [01;31m[Kerror: [m[Kâ€˜[01m[KRCLCPP_INFO[m[Kâ€™ was not declared in this scope; did you mean â€˜[01m[KRCLCPP_IMPORT[m[Kâ€™?
[1.078s]    65 |     [01;31m[KRCLCPP_INFO[m[K(rclcpp::get_logger("odom"), "Pivot turn detected!");
[1.078s]       |     [01;31m[K^~~~~~~~~~~[m[K
[1.078s]       |     [32m[KRCLCPP_IMPORT[m[K
[1.183s] gmake[2]: *** [CMakeFiles/odometry_publisher_node.dir/build.make:76: CMakeFiles/odometry_publisher_node.dir/src/odometry.cpp.o] Error 1
[1.183s] gmake[1]: *** [CMakeFiles/Makefile2:277: CMakeFiles/odometry_publisher_node.dir/all] Error 2
[1.183s] gmake: *** [Makefile:146: all] Error 2
[1.185s] Invoked command in '/home/cirl/ros_gz_project_template-main/build/ros_gz_example_application' returned '2': CMAKE_PREFIX_PATH=${CMAKE_PREFIX_PATH}:/home/cirl/ros_gz_project_template-main/install/ros_rl:/home/cirl/ros_gz_project_template-main/install/gps_to_gazebo:/opt/ros/jazzy DEBUGINFOD_URLS=https://debuginfod.ubuntu.com /usr/bin/cmake --build /home/cirl/ros_gz_project_template-main/build/ros_gz_example_application -- -j32 -l32
