[01m[K/home/cirl/ros_gz_project_template-main/ros_gz_example_application/src/cascade_classifier.cpp:68:66:[m[K [01;31m[Kerror: [m[Kexpected â€˜[01m[K;[m[Kâ€™ at end of member declaration
   68 |         rclcpp::Subscription<sensor_msgs::msg::Image>::SharedPtr [01;31m[Ksubscriber_ã„¤[m[K
      |                                                                  [01;31m[K^~~~~~~~~~~~~[m[K
      |                                                                               [32m[K;[m[K
[01m[K/home/cirl/ros_gz_project_template-main/ros_gz_example_application/src/cascade_classifier.cpp:[m[K In constructor â€˜[01m[KImagePublisher::[01;32m[KImagePublisher[m[K()[m[Kâ€™:
[01m[K/home/cirl/ros_gz_project_template-main/ros_gz_example_application/src/cascade_classifier.cpp:25:13:[m[K [01;31m[Kerror: [m[Kâ€˜[01m[Ksubscriber_[m[Kâ€™ was not declared in this scope; did you mean â€˜[01m[Ksubscriber_ã„¤[m[Kâ€™?
   25 |             [01;31m[Ksubscriber_[m[K = this->create_subscription<sensor_msgs::msg::Image>(
      |             [01;31m[K^~~~~~~~~~~[m[K
      |             [32m[Ksubscriber_ã„¤[m[K
gmake[2]: *** [CMakeFiles/image_processor_node.dir/build.make:76: CMakeFiles/image_processor_node.dir/src/cascade_classifier.cpp.o] Error 1
gmake[1]: *** [CMakeFiles/Makefile2:193: CMakeFiles/image_processor_node.dir/all] Error 2
gmake: *** [Makefile:146: all] Error 2
