[0.117s] Invoking command in '/home/cirl/ros_gz_project_template-main/build/ros_gz_example_application': CMAKE_PREFIX_PATH=${CMAKE_PREFIX_PATH}:/home/cirl/ros_gz_project_template-main/install/ros_rl:/home/cirl/ros_gz_project_template-main/install/gps_to_gazebo:/opt/ros/jazzy DEBUGINFOD_URLS=https://debuginfod.ubuntu.com /usr/bin/cmake --build /home/cirl/ros_gz_project_template-main/build/ros_gz_example_application -- -j32 -l32
[0.230s] [ 30%] Built target UAV_pid_control_node
[0.230s] [ 30%] Built target talker
[0.230s] [ 46%] Built target listener
[0.230s] [ 61%] Built target image_processor_node
[0.230s] [ 69%] [32mBuilding CXX object CMakeFiles/Robot_pid_control_node.dir/src/Robot_navigation.cpp.o[0m
[0.230s] [ 92%] Built target odometry_publisher_node
[0.264s] [01m[K/home/cirl/ros_gz_project_template-main/ros_gz_example_application/src/Robot_navigation.cpp:5:10:[m[K [01;31m[Kfatal error: [m[Ksensor_msgs/msg/imu.hpp: No such file or directory
[0.264s]     5 | #include [01;31m[K"sensor_msgs/msg/imu.hpp"[m[K
[0.264s]       |          [01;31m[K^~~~~~~~~~~~~~~~~~~~~~~~~[m[K
[0.264s] compilation terminated.
[0.266s] gmake[2]: *** [CMakeFiles/Robot_pid_control_node.dir/build.make:76: CMakeFiles/Robot_pid_control_node.dir/src/Robot_navigation.cpp.o] Error 1
[0.266s] gmake[1]: *** [CMakeFiles/Makefile2:251: CMakeFiles/Robot_pid_control_node.dir/all] Error 2
[0.267s] gmake: *** [Makefile:146: all] Error 2
[0.279s] Invoked command in '/home/cirl/ros_gz_project_template-main/build/ros_gz_example_application' returned '2': CMAKE_PREFIX_PATH=${CMAKE_PREFIX_PATH}:/home/cirl/ros_gz_project_template-main/install/ros_rl:/home/cirl/ros_gz_project_template-main/install/gps_to_gazebo:/opt/ros/jazzy DEBUGINFOD_URLS=https://debuginfod.ubuntu.com /usr/bin/cmake --build /home/cirl/ros_gz_project_template-main/build/ros_gz_example_application -- -j32 -l32
