[ 15%] Built target listener
[ 53%] Built target UAV_pid_control_node
[ 61%] Built target talker
[ 61%] Built target Robot_pid_control_node
[ 76%] Built target image_processor_node
[ 84%] [32mBuilding CXX object CMakeFiles/odometry_publisher_node.dir/src/odometry.cpp.o[0m
[01m[K/home/cirl/ros_gz_project_template-main/ros_gz_example_application/src/odometry.cpp:[m[K In member function â€˜[01m[Kbool four_wheel_steering_controller::Odometry::[01;32m[Kupdate[m[K(const double&, const double&, const double&, const double&, const double&, const double&, const double&, const double&, const rclcpp::Time&)[m[Kâ€™:
[01m[K/home/cirl/ros_gz_project_template-main/ros_gz_example_application/src/odometry.cpp:50:37:[m[K [01;31m[Kerror: [m[Kâ€˜[01m[Kfront_steer[m[Kâ€™ was not declared in this scope; did you mean â€˜[01m[Kfr_steer[m[Kâ€™?
   50 |   const double front_tmp = std::cos([01;31m[Kfront_steer[m[K) * (std::tan(front_steer) - std::tan(rear_steer)) / wheel_base_;
      |                                     [01;31m[K^~~~~~~~~~~[m[K
      |                                     [32m[Kfr_steer[m[K
[01m[K/home/cirl/ros_gz_project_template-main/ros_gz_example_application/src/odometry.cpp:50:86:[m[K [01;31m[Kerror: [m[Kâ€˜[01m[Krear_steer[m[Kâ€™ was not declared in this scope; did you mean â€˜[01m[Krr_steer[m[Kâ€™?
   50 |   const double front_tmp = std::cos(front_steer) * (std::tan(front_steer) - std::tan([01;31m[Krear_steer[m[K)) / wheel_base_;
      |                                                                                      [01;31m[K^~~~~~~~~~[m[K
      |                                                                                      [32m[Krr_steer[m[K
gmake[2]: *** [CMakeFiles/odometry_publisher_node.dir/build.make:76: CMakeFiles/odometry_publisher_node.dir/src/odometry.cpp.o] Error 1
gmake[1]: *** [CMakeFiles/Makefile2:277: CMakeFiles/odometry_publisher_node.dir/all] Error 2
gmake: *** [Makefile:146: all] Error 2
