[0.114s] Invoking command in '/home/cirl/ros_gz_project_template-main/build/ros_gz_example_application': CMAKE_PREFIX_PATH=${CMAKE_PREFIX_PATH}:/home/cirl/ros_gz_project_template-main/install/ros_rl:/home/cirl/ros_gz_project_template-main/install/gps_to_gazebo:/opt/ros/jazzy DEBUGINFOD_URLS=https://debuginfod.ubuntu.com /usr/bin/cmake --build /home/cirl/ros_gz_project_template-main/build/ros_gz_example_application -- -j32 -l32
[0.216s] [ 76%] Built target image_processor_node
[0.217s] [ 76%] Built target listener
[0.217s] [ 76%] Built target talker
[0.217s] [ 76%] Built target Robot_pid_control_node
[0.217s] [ 76%] Built target UAV_pid_control_node
[0.217s] [ 84%] [32mBuilding CXX object CMakeFiles/odometry_publisher_node.dir/src/odometry_publish.cpp.o[0m
[1.862s] [01m[K/home/cirl/ros_gz_project_template-main/ros_gz_example_application/src/odometry_publish.cpp:[m[K In member function â€˜[01m[Kvoid OdometryPublisher::[01;32m[KtimerCallback[m[K()[m[Kâ€™:
[1.862s] [01m[K/home/cirl/ros_gz_project_template-main/ros_gz_example_application/src/odometry_publish.cpp:98:39:[m[K [01;31m[Kerror: [m[Kâ€˜[01m[Kclass OdometryPublisher[m[Kâ€™ has no member named â€˜[01m[Kfl_speed[m[Kâ€™; did you mean â€˜[01m[Kfl_speed_[m[Kâ€™?
[1.863s]    98 |     bool updated = odom_.update(this->[01;31m[Kfl_speed[m[K, this->fr_speed, this->rl_speed, this->rr_speed, this->front_steer, this->rear_steer, now);
[1.863s]       |                                       [01;31m[K^~~~~~~~[m[K
[1.863s]       |                                       [32m[Kfl_speed_[m[K
[1.863s] [01m[K/home/cirl/ros_gz_project_template-main/ros_gz_example_application/src/odometry_publish.cpp:98:55:[m[K [01;31m[Kerror: [m[Kâ€˜[01m[Kclass OdometryPublisher[m[Kâ€™ has no member named â€˜[01m[Kfr_speed[m[Kâ€™; did you mean â€˜[01m[Kfr_speed_[m[Kâ€™?
[1.863s]    98 |     bool updated = odom_.update(this->fl_speed, this->[01;31m[Kfr_speed[m[K, this->rl_speed, this->rr_speed, this->front_steer, this->rear_steer, now);
[1.863s]       |                                                       [01;31m[K^~~~~~~~[m[K
[1.863s]       |                                                       [32m[Kfr_speed_[m[K
[1.863s] [01m[K/home/cirl/ros_gz_project_template-main/ros_gz_example_application/src/odometry_publish.cpp:98:71:[m[K [01;31m[Kerror: [m[Kâ€˜[01m[Kclass OdometryPublisher[m[Kâ€™ has no member named â€˜[01m[Krl_speed[m[Kâ€™; did you mean â€˜[01m[Krl_speed_[m[Kâ€™?
[1.863s]    98 |     bool updated = odom_.update(this->fl_speed, this->fr_speed, this->[01;31m[Krl_speed[m[K, this->rr_speed, this->front_steer, this->rear_steer, now);
[1.863s]       |                                                                       [01;31m[K^~~~~~~~[m[K
[1.863s]       |                                                                       [32m[Krl_speed_[m[K
[1.863s] [01m[K/home/cirl/ros_gz_project_template-main/ros_gz_example_application/src/odometry_publish.cpp:98:87:[m[K [01;31m[Kerror: [m[Kâ€˜[01m[Kclass OdometryPublisher[m[Kâ€™ has no member named â€˜[01m[Krr_speed[m[Kâ€™; did you mean â€˜[01m[Krr_speed_[m[Kâ€™?
[1.863s]    98 |     bool updated = odom_.update(this->fl_speed, this->fr_speed, this->rl_speed, this->[01;31m[Krr_speed[m[K, this->front_steer, this->rear_steer, now);
[1.863s]       |                                                                                       [01;31m[K^~~~~~~~[m[K
[1.863s]       |                                                                                       [32m[Krr_speed_[m[K
[1.863s] [01m[K/home/cirl/ros_gz_project_template-main/ros_gz_example_application/src/odometry_publish.cpp:98:103:[m[K [01;31m[Kerror: [m[Kâ€˜[01m[Kclass OdometryPublisher[m[Kâ€™ has no member named â€˜[01m[Kfront_steer[m[Kâ€™; did you mean â€˜[01m[Kfr_steer_[m[Kâ€™?
[1.863s]    98 |     bool updated = odom_.update(this->fl_speed, this->fr_speed, this->rl_speed, this->rr_speed, this->[01;31m[Kfront_steer[m[K, this->rear_steer, now);
[1.863s]       |                                                                                                       [01;31m[K^~~~~~~~~~~[m[K
[1.863s]       |                                                                                                       [32m[Kfr_steer_[m[K
[1.863s] [01m[K/home/cirl/ros_gz_project_template-main/ros_gz_example_application/src/odometry_publish.cpp:98:122:[m[K [01;31m[Kerror: [m[Kâ€˜[01m[Kclass OdometryPublisher[m[Kâ€™ has no member named â€˜[01m[Krear_steer[m[Kâ€™; did you mean â€˜[01m[Krr_steer_[m[Kâ€™?
[1.863s]    98 |     bool updated = odom_.update(this->fl_speed, this->fr_speed, this->rl_speed, this->rr_speed, this->front_steer, this->[01;31m[Krear_steer[m[K, now);
[1.863s]       |                                                                                                                          [01;31m[K^~~~~~~~~~[m[K
[1.863s]       |                                                                                                                          [32m[Krr_steer_[m[K
[2.807s] gmake[2]: *** [CMakeFiles/odometry_publisher_node.dir/build.make:90: CMakeFiles/odometry_publisher_node.dir/src/odometry_publish.cpp.o] Error 1
[2.807s] gmake[1]: *** [CMakeFiles/Makefile2:277: CMakeFiles/odometry_publisher_node.dir/all] Error 2
[2.807s] gmake: *** [Makefile:146: all] Error 2
[2.809s] Invoked command in '/home/cirl/ros_gz_project_template-main/build/ros_gz_example_application' returned '2': CMAKE_PREFIX_PATH=${CMAKE_PREFIX_PATH}:/home/cirl/ros_gz_project_template-main/install/ros_rl:/home/cirl/ros_gz_project_template-main/install/gps_to_gazebo:/opt/ros/jazzy DEBUGINFOD_URLS=https://debuginfod.ubuntu.com /usr/bin/cmake --build /home/cirl/ros_gz_project_template-main/build/ros_gz_example_application -- -j32 -l32
