[01m[K/home/cirl/ros_gz_project_template-main/ros_gz_example_application/src/odometry_publish.cpp:[m[K In member function â€˜[01m[Kvoid OdometryPublisher::[01;32m[KtimerCallback[m[K()[m[Kâ€™:
[01m[K/home/cirl/ros_gz_project_template-main/ros_gz_example_application/src/odometry_publish.cpp:121:10:[m[K [01;31m[Kerror: [m[Kâ€˜[01m[KMatrix3x3[m[Kâ€™ is not a member of â€˜[01m[Ktf2[m[Kâ€™
  121 |     tf2::[01;31m[KMatrix3x3[m[K(q).getRPY(roll, pitch, yaw);
      |          [01;31m[K^~~~~~~~~[m[K
gmake[2]: *** [CMakeFiles/odometry_publisher_node.dir/build.make:90: CMakeFiles/odometry_publisher_node.dir/src/odometry_publish.cpp.o] Error 1
gmake[1]: *** [CMakeFiles/Makefile2:277: CMakeFiles/odometry_publisher_node.dir/all] Error 2
gmake: *** [Makefile:146: all] Error 2
