[ 15%] Built target talker
[ 69%] [32mBuilding CXX object CMakeFiles/Robot_pid_control_node.dir/src/Robot_navigation.cpp.o[0m
[ 69%] Built target image_processor_node
[ 69%] Built target UAV_pid_control_node
[ 69%] Built target listener
[ 92%] Built target odometry_publisher_node
[01m[K/home/cirl/ros_gz_project_template-main/ros_gz_example_application/src/Robot_navigation.cpp:41:26:[m[K [01;31m[Kerror: [m[Kâ€˜[01m[Ksensor_msgs[m[Kâ€™ was not declared in this scope
   41 |     rclcpp::Subscription<[01;31m[Ksensor_msgs[m[K::msg::Imu>::SharedPtr    imu_sub_;
      |                          [01;31m[K^~~~~~~~~~~[m[K
[01m[K/home/cirl/ros_gz_project_template-main/ros_gz_example_application/src/Robot_navigation.cpp:41:47:[m[K [01;31m[Kerror: [m[Ktemplate argument 1 is invalid
   41 |     rclcpp::Subscription<sensor_msgs::msg::Imu[01;31m[K>[m[K::SharedPtr    imu_sub_;
      |                                               [01;31m[K^[m[K
[01m[K/home/cirl/ros_gz_project_template-main/ros_gz_example_application/src/Robot_navigation.cpp:41:47:[m[K [01;31m[Kerror: [m[Ktemplate argument 3 is invalid
[01m[K/home/cirl/ros_gz_project_template-main/ros_gz_example_application/src/Robot_navigation.cpp:41:47:[m[K [01;31m[Kerror: [m[Ktemplate argument 4 is invalid
[01m[K/home/cirl/ros_gz_project_template-main/ros_gz_example_application/src/Robot_navigation.cpp:41:47:[m[K [01;31m[Kerror: [m[Ktemplate argument 5 is invalid
[01m[K/home/cirl/ros_gz_project_template-main/ros_gz_example_application/src/Robot_navigation.cpp:41:50:[m[K [01;31m[Kerror: [m[Kexpected â€˜[01m[K;[m[Kâ€™ at end of member declaration
   41 |     rclcpp::Subscription<sensor_msgs::msg::Imu>::[01;31m[KSharedPtr[m[K    imu_sub_;
      |                                                  [01;31m[K^~~~~~~~~[m[K
      |                                                           [32m[K;[m[K
[01m[K/home/cirl/ros_gz_project_template-main/ros_gz_example_application/src/Robot_navigation.cpp:41:63:[m[K [01;31m[Kerror: [m[Kâ€˜[01m[Kimu_sub_[m[Kâ€™ does not name a type
   41 |     rclcpp::Subscription<sensor_msgs::msg::Imu>::SharedPtr    [01;31m[Kimu_sub_[m[K;
      |                                                               [01;31m[K^~~~~~~~[m[K
[01m[K/home/cirl/ros_gz_project_template-main/ros_gz_example_application/src/Robot_navigation.cpp:57:28:[m[K [01;31m[Kerror: [m[Kâ€˜[01m[Ksensor_msgs[m[Kâ€™ does not name a type
   57 |     void imuCallback(const [01;31m[Ksensor_msgs[m[K::msg::Imu::SharedPtr msg)
      |                            [01;31m[K^~~~~~~~~~~[m[K
[01m[K/home/cirl/ros_gz_project_template-main/ros_gz_example_application/src/Robot_navigation.cpp:57:44:[m[K [01;31m[Kerror: [m[Kexpected unqualified-id before â€˜[01m[K::[m[Kâ€™ token
   57 |     void imuCallback(const sensor_msgs::msg[01;31m[K::[m[KImu::SharedPtr msg)
      |                                            [01;31m[K^~[m[K
[01m[K/home/cirl/ros_gz_project_template-main/ros_gz_example_application/src/Robot_navigation.cpp:57:44:[m[K [01;31m[Kerror: [m[Kexpected â€˜[01m[K)[m[Kâ€™ before â€˜[01m[K::[m[Kâ€™ token
   57 |     void imuCallback[34m[K([m[Kconst sensor_msgs::msg[01;31m[K:[m[K[32m[K:[m[KImu::SharedPtr msg)
      |                     [34m[K~[m[K                      [01;31m[K^[m[K[32m[K~[m[K
      |                                            [32m[K)[m[K
[01m[K/home/cirl/ros_gz_project_template-main/ros_gz_example_application/src/Robot_navigation.cpp:57:41:[m[K [01;31m[Kerror: [m[Kexpected â€˜[01m[K;[m[Kâ€™ at end of member declaration
   57 |     void imuCallback(const sensor_msgs::[01;31m[Kmsg[m[K::Imu::SharedPtr msg)
      |                                         [01;31m[K^~~[m[K
      |                                            [32m[K;[m[K
[01m[K/home/cirl/ros_gz_project_template-main/ros_gz_example_application/src/Robot_navigation.cpp:57:46:[m[K [01;31m[Kerror: [m[Kâ€˜[01m[KImu[m[Kâ€™ in namespace â€˜[01m[K::[m[Kâ€™ does not name a type
   57 |     void imuCallback(const sensor_msgs::msg::[01;31m[KImu[m[K::SharedPtr msg)
      |                                              [01;31m[K^~~[m[K
[01m[K/home/cirl/ros_gz_project_template-main/ros_gz_example_application/src/Robot_navigation.cpp:[m[K In constructor â€˜[01m[KRobotNavController::[01;32m[KRobotNavController[m[K()[m[Kâ€™:
[01m[K/home/cirl/ros_gz_project_template-main/ros_gz_example_application/src/Robot_navigation.cpp:15:9:[m[K [01;31m[Kerror: [m[Kâ€˜[01m[Kimu_sub_[m[Kâ€™ was not declared in this scope
   15 |         [01;31m[Kimu_sub_[m[K = this->create_subscription<sensor_msgs::msg::Imu>(
      |         [01;31m[K^~~~~~~~[m[K
[01m[K/home/cirl/ros_gz_project_template-main/ros_gz_example_application/src/Robot_navigation.cpp:15:46:[m[K [01;31m[Kerror: [m[Kâ€˜[01m[Ksensor_msgs[m[Kâ€™ was not declared in this scope
   15 |         imu_sub_ = this->create_subscription<[01;31m[Ksensor_msgs[m[K::msg::Imu>(
      |                                              [01;31m[K^~~~~~~~~~~[m[K
[01m[K/home/cirl/ros_gz_project_template-main/ros_gz_example_application/src/Robot_navigation.cpp:15:26:[m[K [01;31m[Kerror: [m[Kparse error in template argument list
   15 |         imu_sub_ = this->[01;31m[Kcreate_subscription<sensor_msgs::msg::Imu>[m[K(
      |                          [01;31m[K^~~~~~~~~~~~~~~~~~~~~~~~~~~~~~~~~~~~~~~~~~[m[K
[01m[K/home/cirl/ros_gz_project_template-main/ros_gz_example_application/src/Robot_navigation.cpp:15:68:[m[K [01;31m[Kerror: [m[Kno matching function for call to â€˜[01m[KRobotNavController::create_subscription<<expression error> >(const char [5], int, std::_Bind_helper<false, void (RobotNavController::*)(...), RobotNavController*, const std::_Placeholder<1>&>::type)[m[Kâ€™
   15 |         imu_sub_ = [01;31m[Kthis->create_subscription<sensor_msgs::msg::Imu>([m[K
      |                    [01;31m[K~~~~~~~~~~~~~~~~~~~~~~~~~~~~~~~~~~~~~~~~~~~~~~~~^[m[K
   16 | [01;31m[K        "/imu", 10,[m[K
      |         [01;31m[K~~~~~~~~~~~[m[K                                                 
   17 | [01;31m[K        std::bind(&RobotNavController::imuCallback, this, std::placeholders::_1))[m[K;
      |         [01;31m[K~~~~~~~~~~~~~~~~~~~~~~~~~~~~~~~~~~~~~~~~~~~~~~~~~~~~~~~~~~~~~~~~~~~~~~~~~[m[K
In file included from [01m[K/opt/ros/jazzy/include/rclcpp/rclcpp/node.hpp:1663[m[K,
                 from [01m[K/opt/ros/jazzy/include/rclcpp/rclcpp/executors/single_threaded_executor.hpp:28[m[K,
                 from [01m[K/opt/ros/jazzy/include/rclcpp/rclcpp/executors.hpp:22[m[K,
                 from [01m[K/opt/ros/jazzy/include/rclcpp/rclcpp/rclcpp.hpp:172[m[K,
                 from [01m[K/home/cirl/ros_gz_project_template-main/ros_gz_example_application/src/Robot_navigation.cpp:3[m[K:
[01m[K/opt/ros/jazzy/include/rclcpp/rclcpp/node_impl.hpp:92:1:[m[K [01;36m[Knote: [m[Kcandidate: â€˜[01m[Ktemplate<class MessageT, class CallbackT, class AllocatorT, class SubscriptionT, class MessageMemoryStrategyT> std::shared_ptr<ROSMessageT> rclcpp::Node::[01;32m[Kcreate_subscription[m[K(const std::string&, const rclcpp::QoS&, CallbackT&&, const rclcpp::SubscriptionOptionsWithAllocator<AllocatorT>&, typename MessageMemoryStrategyT::SharedPtr)[m[Kâ€™
   92 | [01;36m[KNode[m[K::create_subscription(
      | [01;36m[K^~~~[m[K
[01m[K/opt/ros/jazzy/include/rclcpp/rclcpp/node_impl.hpp:92:1:[m[K [01;36m[Knote: [m[K  template argument deduction/substitution failed:
[01m[K/home/cirl/ros_gz_project_template-main/ros_gz_example_application/src/Robot_navigation.cpp:15:68:[m[K [01;31m[Kerror: [m[Ktemplate argument 1 is invalid
   15 |         imu_sub_ = [01;31m[Kthis->create_subscription<sensor_msgs::msg::Imu>([m[K
      |                    [01;31m[K~~~~~~~~~~~~~~~~~~~~~~~~~~~~~~~~~~~~~~~~~~~~~~~~^[m[K
   16 | [01;31m[K        "/imu", 10,[m[K
      |         [01;31m[K~~~~~~~~~~~[m[K                                                 
   17 | [01;31m[K        std::bind(&RobotNavController::imuCallback, this, std::placeholders::_1))[m[K;
      |         [01;31m[K~~~~~~~~~~~~~~~~~~~~~~~~~~~~~~~~~~~~~~~~~~~~~~~~~~~~~~~~~~~~~~~~~~~~~~~~~[m[K
gmake[2]: *** [CMakeFiles/Robot_pid_control_node.dir/build.make:76: CMakeFiles/Robot_pid_control_node.dir/src/Robot_navigation.cpp.o] Error 1
gmake[1]: *** [CMakeFiles/Makefile2:251: CMakeFiles/Robot_pid_control_node.dir/all] Error 2
gmake: *** [Makefile:146: all] Error 2
