[ 40%] Built target image_processor_node
[ 40%] Built target talker
[ 60%] Built target listener
[ 80%] Built target UAV_pid_control_node
[ 90%] [32mBuilding CXX object CMakeFiles/Robot_pid_control_node.dir/src/Robot_navigation.cpp.o[0m
[01m[K/home/cirl/ros_gz_project_template-main/ros_gz_example_application/src/Robot_navigation.cpp:[m[K In member function â€˜[01m[Kvoid RobotNavPublisher::[01;32m[KodomCallback[m[K(nav_msgs::msg::Odometry_<std::allocator<void> >::SharedPtr)[m[Kâ€™:
[01m[K/home/cirl/ros_gz_project_template-main/ros_gz_example_application/src/Robot_navigation.cpp:64:26:[m[K [01;31m[Kerror: [m[Kâ€˜[01m[Kalpha[m[Kâ€™ was not declared in this scope; did you mean â€˜[01m[Kisalpha[m[Kâ€™?
   64 |         steering_angle = [01;31m[Kalpha[m[K * steering_angle + (1 - alpha) * prev_steering_angle_;
      |                          [01;31m[K^~~~~[m[K
      |                          [32m[Kisalpha[m[K
[01m[K/home/cirl/ros_gz_project_template-main/ros_gz_example_application/src/Robot_navigation.cpp:64:65:[m[K [01;31m[Kerror: [m[Kâ€˜[01m[Kprev_steering_angle_[m[Kâ€™ was not declared in this scope; did you mean â€˜[01m[Ksteering_angle[m[Kâ€™?
   64 |         steering_angle = alpha * steering_angle + (1 - alpha) * [01;31m[Kprev_steering_angle_[m[K;
      |                                                                 [01;31m[K^~~~~~~~~~~~~~~~~~~~[m[K
      |                                                                 [32m[Ksteering_angle[m[K
gmake[2]: *** [CMakeFiles/Robot_pid_control_node.dir/build.make:76: CMakeFiles/Robot_pid_control_node.dir/src/Robot_navigation.cpp.o] Error 1
gmake[1]: *** [CMakeFiles/Makefile2:249: CMakeFiles/Robot_pid_control_node.dir/all] Error 2
gmake: *** [Makefile:146: all] Error 2
