[0.124s] Invoking command in '/home/cirl/ros_gz_project_template-main/build/ros_gz_example_application': CMAKE_PREFIX_PATH=${CMAKE_PREFIX_PATH}:/home/cirl/ros_gz_project_template-main/install/gps_to_gazebo:/home/cirl/ros_gz_project_template-main/install/ros_rl:/opt/ros/jazzy DEBUGINFOD_URLS=https://debuginfod.ubuntu.com PS1=(ros2_rl_env) \[\e]0;\u@\h: \w\a\]${debian_chroot:+($debian_chroot)}\[\033[01;32m\]\u@\h\[\033[00m\]:\[\033[01;34m\]\w\[\033[00m\]\$ VIRTUAL_ENV_PROMPT=(ros2_rl_env) /usr/bin/cmake --build /home/cirl/ros_gz_project_template-main/build/ros_gz_example_application -- -j32 -l32
[0.238s] [ 40%] Built target image_processor_node
[0.238s] [ 40%] Built target talker
[0.238s] [ 60%] Built target listener
[0.238s] [ 80%] Built target UAV_pid_control_node
[0.238s] [ 90%] [32mBuilding CXX object CMakeFiles/Robot_pid_control_node.dir/src/Robot_navigation.cpp.o[0m
[1.207s] [01m[K/home/cirl/ros_gz_project_template-main/ros_gz_example_application/src/Robot_navigation.cpp:[m[K In member function â€˜[01m[Kvoid RobotNavPublisher::[01;32m[KodomCallback[m[K(nav_msgs::msg::Odometry_<std::allocator<void> >::SharedPtr)[m[Kâ€™:
[1.208s] [01m[K/home/cirl/ros_gz_project_template-main/ros_gz_example_application/src/Robot_navigation.cpp:64:26:[m[K [01;31m[Kerror: [m[Kâ€˜[01m[Kalpha[m[Kâ€™ was not declared in this scope; did you mean â€˜[01m[Kisalpha[m[Kâ€™?
[1.208s]    64 |         steering_angle = [01;31m[Kalpha[m[K * steering_angle + (1 - alpha) * prev_steering_angle_;
[1.208s]       |                          [01;31m[K^~~~~[m[K
[1.208s]       |                          [32m[Kisalpha[m[K
[1.213s] [01m[K/home/cirl/ros_gz_project_template-main/ros_gz_example_application/src/Robot_navigation.cpp:64:65:[m[K [01;31m[Kerror: [m[Kâ€˜[01m[Kprev_steering_angle_[m[Kâ€™ was not declared in this scope; did you mean â€˜[01m[Ksteering_angle[m[Kâ€™?
[1.213s]    64 |         steering_angle = alpha * steering_angle + (1 - alpha) * [01;31m[Kprev_steering_angle_[m[K;
[1.213s]       |                                                                 [01;31m[K^~~~~~~~~~~~~~~~~~~~[m[K
[1.213s]       |                                                                 [32m[Ksteering_angle[m[K
[2.274s] gmake[2]: *** [CMakeFiles/Robot_pid_control_node.dir/build.make:76: CMakeFiles/Robot_pid_control_node.dir/src/Robot_navigation.cpp.o] Error 1
[2.274s] gmake[1]: *** [CMakeFiles/Makefile2:249: CMakeFiles/Robot_pid_control_node.dir/all] Error 2
[2.274s] gmake: *** [Makefile:146: all] Error 2
[2.276s] Invoked command in '/home/cirl/ros_gz_project_template-main/build/ros_gz_example_application' returned '2': CMAKE_PREFIX_PATH=${CMAKE_PREFIX_PATH}:/home/cirl/ros_gz_project_template-main/install/gps_to_gazebo:/home/cirl/ros_gz_project_template-main/install/ros_rl:/opt/ros/jazzy DEBUGINFOD_URLS=https://debuginfod.ubuntu.com PS1=(ros2_rl_env) \[\e]0;\u@\h: \w\a\]${debian_chroot:+($debian_chroot)}\[\033[01;32m\]\u@\h\[\033[00m\]:\[\033[01;34m\]\w\[\033[00m\]\$ VIRTUAL_ENV_PROMPT=(ros2_rl_env) /usr/bin/cmake --build /home/cirl/ros_gz_project_template-main/build/ros_gz_example_application -- -j32 -l32
