[0.121s] Invoking command in '/home/cirl/ros_gz_project_template-main/build/ros_gz_example_application': CMAKE_PREFIX_PATH=${CMAKE_PREFIX_PATH}:/home/cirl/ros_gz_project_template-main/install/ros_rl:/home/cirl/ros_gz_project_template-main/install/gps_to_gazebo:/opt/ros/jazzy DEBUGINFOD_URLS=https://debuginfod.ubuntu.com /usr/bin/cmake --build /home/cirl/ros_gz_project_template-main/build/ros_gz_example_application -- -j32 -l32
[0.223s] [ 15%] Built target listener
[0.223s] [ 30%] Built target talker
[0.224s] [ 46%] Built target UAV_pid_control_node
[0.224s] [ 61%] Built target image_processor_node
[0.224s] [ 76%] Built target Robot_pid_control_node
[0.224s] [ 84%] [32mBuilding CXX object CMakeFiles/odometry_publisher_node.dir/src/odometry.cpp.o[0m
[0.224s] [ 92%] [32mBuilding CXX object CMakeFiles/odometry_publisher_node.dir/src/odometry_publish.cpp.o[0m
[1.846s] [01m[K/home/cirl/ros_gz_project_template-main/ros_gz_example_application/src/odometry.cpp:[m[K In member function â€˜[01m[Kbool four_wheel_steering_controller::Odometry::[01;32m[Kupdate[m[K(const double&, const double&, const double&, const double&, const double&, const double&, const double&, const double&, const rclcpp::Time&)[m[Kâ€™:
[1.846s] [01m[K/home/cirl/ros_gz_project_template-main/ros_gz_example_application/src/odometry.cpp:50:37:[m[K [01;31m[Kerror: [m[Kâ€˜[01m[Kfront_steer[m[Kâ€™ was not declared in this scope; did you mean â€˜[01m[Kfr_steer[m[Kâ€™?
[1.846s]    50 |   const double front_tmp = std::cos([01;31m[Kfront_steer[m[K) * (std::tan(front_steer) - std::tan(rear_steer)) / wheel_base_;
[1.847s]       |                                     [01;31m[K^~~~~~~~~~~[m[K
[1.847s]       |                                     [32m[Kfr_steer[m[K
[1.850s] [01m[K/home/cirl/ros_gz_project_template-main/ros_gz_example_application/src/odometry.cpp:50:86:[m[K [01;31m[Kerror: [m[Kâ€˜[01m[Krear_steer[m[Kâ€™ was not declared in this scope; did you mean â€˜[01m[Krr_steer[m[Kâ€™?
[1.850s]    50 |   const double front_tmp = std::cos(front_steer) * (std::tan(front_steer) - std::tan([01;31m[Krear_steer[m[K)) / wheel_base_;
[1.850s]       |                                                                                      [01;31m[K^~~~~~~~~~[m[K
[1.850s]       |                                                                                      [32m[Krr_steer[m[K
[2.211s] gmake[2]: *** [CMakeFiles/odometry_publisher_node.dir/build.make:76: CMakeFiles/odometry_publisher_node.dir/src/odometry.cpp.o] Error 1
[2.211s] gmake[2]: *** Waiting for unfinished jobs....
[4.681s] gmake[1]: *** [CMakeFiles/Makefile2:277: CMakeFiles/odometry_publisher_node.dir/all] Error 2
[4.681s] gmake: *** [Makefile:146: all] Error 2
[4.682s] Invoked command in '/home/cirl/ros_gz_project_template-main/build/ros_gz_example_application' returned '2': CMAKE_PREFIX_PATH=${CMAKE_PREFIX_PATH}:/home/cirl/ros_gz_project_template-main/install/ros_rl:/home/cirl/ros_gz_project_template-main/install/gps_to_gazebo:/opt/ros/jazzy DEBUGINFOD_URLS=https://debuginfod.ubuntu.com /usr/bin/cmake --build /home/cirl/ros_gz_project_template-main/build/ros_gz_example_application -- -j32 -l32
