[0.012s] Invoking command in '/home/cirl/ros_gz_project_template-main/build/ros_gz_example_application': CMAKE_PREFIX_PATH=${CMAKE_PREFIX_PATH}:/opt/ros/jazzy DEBUGINFOD_URLS=https://debuginfod.ubuntu.com /usr/bin/cmake --build /home/cirl/ros_gz_project_template-main/build/ros_gz_example_application -- -j32 -l32
[0.056s] [ 25%] Built target talker
[0.057s] [ 50%] Built target image_processor_node
[0.059s] [ 75%] Built target listener
[0.066s] [ 87%] [32mBuilding CXX object CMakeFiles/UAV_pid_control_node.dir/src/UAV_navigation.cpp.o[0m
[1.231s] [01m[K/home/cirl/ros_gz_project_template-main/ros_gz_example_application/src/UAV_navigation.cpp:[m[K In member function â€˜[01m[Kvoid UAV_Nav_Publisher::[01;32m[KUAV_PID_Control[m[K(float, float)[m[Kâ€™:
[1.231s] [01m[K/home/cirl/ros_gz_project_template-main/ros_gz_example_application/src/UAV_navigation.cpp:37:13:[m[K [01;31m[Kerror: [m[Kâ€˜[01m[Kgz[m[Kâ€™ has not been declared
[1.231s]    37 |             [01;31m[Kgz[m[K::msgs::Twist cmd_msg;
[1.231s]       |             [01;31m[K^~[m[K
[1.231s] [01m[K/home/cirl/ros_gz_project_template-main/ros_gz_example_application/src/UAV_navigation.cpp:38:13:[m[K [01;31m[Kerror: [m[Kâ€˜[01m[Kgz[m[Kâ€™ has not been declared
[1.231s]    38 |             [01;31m[Kgz[m[K::msgs::Vector3d *linear = cmd_msg.mutable_linear();
[1.231s]       |             [01;31m[K^~[m[K
[1.235s] [01m[K/home/cirl/ros_gz_project_template-main/ros_gz_example_application/src/UAV_navigation.cpp:38:33:[m[K [01;31m[Kerror: [m[Kâ€˜[01m[Klinear[m[Kâ€™ was not declared in this scope; did you mean â€˜[01m[Klinkat[m[Kâ€™?
[1.235s]    38 |             gz::msgs::Vector3d *[01;31m[Klinear[m[K = cmd_msg.mutable_linear();
[1.235s]       |                                 [01;31m[K^~~~~~[m[K
[1.235s]       |                                 [32m[Klinkat[m[K
[1.238s] [01m[K/home/cirl/ros_gz_project_template-main/ros_gz_example_application/src/UAV_navigation.cpp:38:42:[m[K [01;31m[Kerror: [m[Kâ€˜[01m[Kcmd_msg[m[Kâ€™ was not declared in this scope
[1.238s]    38 |             gz::msgs::Vector3d *linear = [01;31m[Kcmd_msg[m[K.mutable_linear();
[1.238s]       |                                          [01;31m[K^~~~~~~[m[K
[1.242s] [01m[K/home/cirl/ros_gz_project_template-main/ros_gz_example_application/src/UAV_navigation.cpp:47:13:[m[K [01;31m[Kerror: [m[Kâ€˜[01m[Kpublisher_[m[Kâ€™ was not declared in this scope; did you mean â€˜[01m[Krmw_publisher_t[m[Kâ€™?
[1.242s]    47 |             [01;31m[Kpublisher_[m[K.publish(cmd_msg);
[1.243s]       |             [01;31m[K^~~~~~~~~~[m[K
[1.243s]       |             [32m[Krmw_publisher_t[m[K
[2.316s] gmake[2]: *** [CMakeFiles/UAV_pid_control_node.dir/build.make:76: CMakeFiles/UAV_pid_control_node.dir/src/UAV_navigation.cpp.o] Error 1
[2.316s] gmake[1]: *** [CMakeFiles/Makefile2:221: CMakeFiles/UAV_pid_control_node.dir/all] Error 2
[2.316s] gmake: *** [Makefile:146: all] Error 2
[2.318s] Invoked command in '/home/cirl/ros_gz_project_template-main/build/ros_gz_example_application' returned '2': CMAKE_PREFIX_PATH=${CMAKE_PREFIX_PATH}:/opt/ros/jazzy DEBUGINFOD_URLS=https://debuginfod.ubuntu.com /usr/bin/cmake --build /home/cirl/ros_gz_project_template-main/build/ros_gz_example_application -- -j32 -l32
