[0.011s] Invoking command in '/home/cirl/ros_gz_project_template-main/build/ros_gz_example_application': CMAKE_PREFIX_PATH=${CMAKE_PREFIX_PATH}:/opt/ros/jazzy DEBUGINFOD_URLS=https://debuginfod.ubuntu.com /usr/bin/cmake --build /home/cirl/ros_gz_project_template-main/build/ros_gz_example_application -- -j32 -l32
[0.026s] -- Found ament_cmake: 2.5.3 (/opt/ros/jazzy/share/ament_cmake/cmake)
[0.164s] -- Override CMake install command with custom implementation using symlinks instead of copying resources
[0.168s] -- Found rclcpp: 28.1.8 (/opt/ros/jazzy/share/rclcpp/cmake)
[0.188s] -- Found rosidl_generator_c: 4.6.5 (/opt/ros/jazzy/share/rosidl_generator_c/cmake)
[0.194s] -- Found rosidl_generator_cpp: 4.6.5 (/opt/ros/jazzy/share/rosidl_generator_cpp/cmake)
[0.202s] -- Using all available rosidl_typesupport_c: rosidl_typesupport_fastrtps_c;rosidl_typesupport_introspection_c
[0.211s] -- Using all available rosidl_typesupport_cpp: rosidl_typesupport_fastrtps_cpp;rosidl_typesupport_introspection_cpp
[0.252s] -- Found rmw_implementation_cmake: 7.3.2 (/opt/ros/jazzy/share/rmw_implementation_cmake/cmake)
[0.253s] -- Found rmw_fastrtps_cpp: 8.4.2 (/opt/ros/jazzy/share/rmw_fastrtps_cpp/cmake)
[0.300s] -- Using RMW implementation 'rmw_fastrtps_cpp' as default
[0.344s] -- Found std_msgs: 5.3.6 (/opt/ros/jazzy/share/std_msgs/cmake)
[0.357s] -- Found cv_bridge: 4.1.0 (/opt/ros/jazzy/share/cv_bridge/cmake)
[0.385s] -- Found image_transport: 5.1.6 (/opt/ros/jazzy/share/image_transport/cmake)
[0.395s] -- Found nav_msgs: 5.3.6 (/opt/ros/jazzy/share/nav_msgs/cmake)
[0.475s] -- Configuring done (0.5s)
[0.490s] -- Generating done (0.0s)
[0.494s] -- Build files have been written to: /home/cirl/ros_gz_project_template-main/build/ros_gz_example_application
[0.523s] [ 12%] [32mBuilding CXX object CMakeFiles/UAV_pid_control_node.dir/src/UAV_navigation.cpp.o[0m
[0.529s] [ 37%] Built target listener
[0.531s] [ 62%] Built target talker
[0.532s] [ 87%] Built target image_processor_node
[1.641s] [01m[K/home/cirl/ros_gz_project_template-main/ros_gz_example_application/src/UAV_navigation.cpp:44:32:[m[K [01;31m[Kerror: [m[Kâ€˜[01m[Ksensor_msgs[m[Kâ€™ does not name a type
[1.641s]    44 |         void PosCallback(const [01;31m[Ksensor_msgs[m[K::msg::Image::ConstSharedPtr &msg){
[1.641s]       |                                [01;31m[K^~~~~~~~~~~[m[K
[1.641s] [01m[K/home/cirl/ros_gz_project_template-main/ros_gz_example_application/src/UAV_navigation.cpp:44:48:[m[K [01;31m[Kerror: [m[Kexpected unqualified-id before â€˜[01m[K::[m[Kâ€™ token
[1.641s]    44 |         void PosCallback(const sensor_msgs::msg[01;31m[K::[m[KImage::ConstSharedPtr &msg){
[1.641s]       |                                                [01;31m[K^~[m[K
[1.641s] [01m[K/home/cirl/ros_gz_project_template-main/ros_gz_example_application/src/UAV_navigation.cpp:44:48:[m[K [01;31m[Kerror: [m[Kexpected â€˜[01m[K)[m[Kâ€™ before â€˜[01m[K::[m[Kâ€™ token
[1.641s]    44 |         void PosCallback[34m[K([m[Kconst sensor_msgs::msg[01;31m[K:[m[K[32m[K:[m[KImage::ConstSharedPtr &msg){
[1.641s]       |                         [34m[K~[m[K                      [01;31m[K^[m[K[32m[K~[m[K
[1.642s]       |                                                [32m[K)[m[K
[1.642s] [01m[K/home/cirl/ros_gz_project_template-main/ros_gz_example_application/src/UAV_navigation.cpp:44:45:[m[K [01;31m[Kerror: [m[Kexpected â€˜[01m[K;[m[Kâ€™ at end of member declaration
[1.642s]    44 |         void PosCallback(const sensor_msgs::[01;31m[Kmsg[m[K::Image::ConstSharedPtr &msg){
[1.642s]       |                                             [01;31m[K^~~[m[K
[1.642s]       |                                                [32m[K;[m[K
[1.642s] [01m[K/home/cirl/ros_gz_project_template-main/ros_gz_example_application/src/UAV_navigation.cpp:44:50:[m[K [01;31m[Kerror: [m[Kâ€˜[01m[KImage[m[Kâ€™ in namespace â€˜[01m[K::[m[Kâ€™ does not name a type
[1.642s]    44 |         void PosCallback(const sensor_msgs::msg::[01;31m[KImage[m[K::ConstSharedPtr &msg){
[1.642s]       |                                                  [01;31m[K^~~~~[m[K
[1.647s] [01m[K/home/cirl/ros_gz_project_template-main/ros_gz_example_application/src/UAV_navigation.cpp:51:30:[m[K [01;31m[Kerror: [m[Kâ€˜[01m[Ksensor_msgs[m[Kâ€™ was not declared in this scope
[1.647s]    51 |         rclcpp::Subscription<[01;31m[Ksensor_msgs[m[K::msg::Image>::SharedPtr subscriber_;
[1.647s]       |                              [01;31m[K^~~~~~~~~~~[m[K
[1.647s] [01m[K/home/cirl/ros_gz_project_template-main/ros_gz_example_application/src/UAV_navigation.cpp:51:53:[m[K [01;31m[Kerror: [m[Ktemplate argument 1 is invalid
[1.647s]    51 |         rclcpp::Subscription<sensor_msgs::msg::Image[01;31m[K>[m[K::SharedPtr subscriber_;
[1.648s]       |                                                     [01;31m[K^[m[K
[1.648s] [01m[K/home/cirl/ros_gz_project_template-main/ros_gz_example_application/src/UAV_navigation.cpp:51:53:[m[K [01;31m[Kerror: [m[Ktemplate argument 3 is invalid
[1.648s] [01m[K/home/cirl/ros_gz_project_template-main/ros_gz_example_application/src/UAV_navigation.cpp:51:53:[m[K [01;31m[Kerror: [m[Ktemplate argument 4 is invalid
[1.648s] [01m[K/home/cirl/ros_gz_project_template-main/ros_gz_example_application/src/UAV_navigation.cpp:51:53:[m[K [01;31m[Kerror: [m[Ktemplate argument 5 is invalid
[1.648s] [01m[K/home/cirl/ros_gz_project_template-main/ros_gz_example_application/src/UAV_navigation.cpp:51:56:[m[K [01;31m[Kerror: [m[Kexpected â€˜[01m[K;[m[Kâ€™ at end of member declaration
[1.648s]    51 |         rclcpp::Subscription<sensor_msgs::msg::Image>::[01;31m[KSharedPtr[m[K subscriber_;
[1.648s]       |                                                        [01;31m[K^~~~~~~~~[m[K
[1.648s]       |                                                                 [32m[K;[m[K
[1.648s] [01m[K/home/cirl/ros_gz_project_template-main/ros_gz_example_application/src/UAV_navigation.cpp:51:66:[m[K [01;31m[Kerror: [m[Kâ€˜[01m[Ksubscriber_[m[Kâ€™ does not name a type
[1.648s]    51 |         rclcpp::Subscription<sensor_msgs::msg::Image>::SharedPtr [01;31m[Ksubscriber_[m[K;
[1.648s]       |                                                                  [01;31m[K^~~~~~~~~~~[m[K
[1.650s] [01m[K/home/cirl/ros_gz_project_template-main/ros_gz_example_application/src/UAV_navigation.cpp:52:9:[m[K [01;31m[Kerror: [m[Kâ€˜[01m[Kimage_transport[m[Kâ€™ does not name a type
[1.650s]    52 |         [01;31m[Kimage_transport[m[K::Publisher publisher_;
[1.650s]       |         [01;31m[K^~~~~~~~~~~~~~~[m[K
[1.655s] [01m[K/home/cirl/ros_gz_project_template-main/ros_gz_example_application/src/UAV_navigation.cpp:[m[K In constructor â€˜[01m[KUAV_Nav_Publisher::[01;32m[KUAV_Nav_Publisher[m[K()[m[Kâ€™:
[1.655s] [01m[K/home/cirl/ros_gz_project_template-main/ros_gz_example_application/src/UAV_navigation.cpp:16:13:[m[K [01;31m[Kerror: [m[Kâ€˜[01m[Ksubscriber_[m[Kâ€™ was not declared in this scope
[1.655s]    16 |             [01;31m[Ksubscriber_[m[K = this->create_subscription<sensor_msgs::msg::Image>(
[1.655s]       |             [01;31m[K^~~~~~~~~~~[m[K
[1.659s] [01m[K/home/cirl/ros_gz_project_template-main/ros_gz_example_application/src/UAV_navigation.cpp:16:53:[m[K [01;31m[Kerror: [m[Kâ€˜[01m[Ksensor_msgs[m[Kâ€™ was not declared in this scope
[1.659s]    16 |             subscriber_ = this->create_subscription<[01;31m[Ksensor_msgs[m[K::msg::Image>(
[1.659s]       |                                                     [01;31m[K^~~~~~~~~~~[m[K
[1.659s] [01m[K/home/cirl/ros_gz_project_template-main/ros_gz_example_application/src/UAV_navigation.cpp:16:33:[m[K [01;31m[Kerror: [m[Kparse error in template argument list
[1.659s]    16 |             subscriber_ = this->[01;31m[Kcreate_subscription<sensor_msgs::msg::Image>[m[K(
[1.659s]       |                                 [01;31m[K^~~~~~~~~~~~~~~~~~~~~~~~~~~~~~~~~~~~~~~~~~~~[m[K
[1.661s] [01m[K/home/cirl/ros_gz_project_template-main/ros_gz_example_application/src/UAV_navigation.cpp:16:77:[m[K [01;31m[Kerror: [m[Kno matching function for call to â€˜[01m[KUAV_Nav_Publisher::create_subscription<<expression error> >(const char [13], int, std::_Bind_helper<false, void (UAV_Nav_Publisher::*)(...), UAV_Nav_Publisher*, const std::_Placeholder<1>&>::type)[m[Kâ€™
[1.661s]    16 |             subscriber_ = [01;31m[Kthis->create_subscription<sensor_msgs::msg::Image>([m[K
[1.661s]       |                           [01;31m[K~~~~~~~~~~~~~~~~~~~~~~~~~~~~~~~~~~~~~~~~~~~~~~~~~~^[m[K
[1.661s]    17 | [01;31m[K                "/x3/odometry",[m[K
[1.661s]       |                 [01;31m[K~~~~~~~~~~~~~~~[m[K                                              
[1.661s]    18 | [01;31m[K                10,[m[K
[1.661s]       |                 [01;31m[K~~~[m[K                                                          
[1.661s]    19 | [01;31m[K                std::bind(&UAV_Nav_Publisher::PosCallback, this, std::placeholders::_1)[m[K
[1.662s]       |                 [01;31m[K~~~~~~~~~~~~~~~~~~~~~~~~~~~~~~~~~~~~~~~~~~~~~~~~~~~~~~~~~~~~~~~~~~~~~~~[m[K
[1.662s]    20 | [01;31m[K            )[m[K;
[1.662s]       |             [01;31m[K~[m[K                                                                
[1.662s] In file included from [01m[K/opt/ros/jazzy/include/rclcpp/rclcpp/executors/single_threaded_executor.hpp:28[m[K,
[1.662s]                  from [01m[K/opt/ros/jazzy/include/rclcpp/rclcpp/executors.hpp:22[m[K,
[1.662s]                  from [01m[K/opt/ros/jazzy/include/rclcpp/rclcpp/rclcpp.hpp:172[m[K,
[1.662s]                  from [01m[K/home/cirl/ros_gz_project_template-main/ros_gz_example_application/src/UAV_navigation.cpp:3[m[K:
[1.662s] [01m[K/opt/ros/jazzy/include/rclcpp/rclcpp/node.hpp:221:3:[m[K [01;36m[Knote: [m[Kcandidate: â€˜[01m[Ktemplate<class MessageT, class CallbackT, class AllocatorT, class SubscriptionT, class MessageMemoryStrategyT> std::shared_ptr<ROSMessageT> rclcpp::Node::[01;32m[Kcreate_subscription[m[K(const std::string&, const rclcpp::QoS&, CallbackT&&, const rclcpp::SubscriptionOptionsWithAllocator<AllocatorT>&, typename MessageMemoryStrategyT::SharedPtr)[m[Kâ€™
[1.662s]   221 |   [01;36m[Kcreate_subscription[m[K(
[1.662s]       |   [01;36m[K^~~~~~~~~~~~~~~~~~~[m[K
[1.662s] [01m[K/opt/ros/jazzy/include/rclcpp/rclcpp/node.hpp:221:3:[m[K [01;36m[Knote: [m[K  template argument deduction/substitution failed:
[1.662s] [01m[K/home/cirl/ros_gz_project_template-main/ros_gz_example_application/src/UAV_navigation.cpp:16:77:[m[K [01;31m[Kerror: [m[Ktemplate argument 1 is invalid
[1.662s]    16 |             subscriber_ = [01;31m[Kthis->create_subscription<sensor_msgs::msg::Image>([m[K
[1.662s]       |                           [01;31m[K~~~~~~~~~~~~~~~~~~~~~~~~~~~~~~~~~~~~~~~~~~~~~~~~~~^[m[K
[1.662s]    17 | [01;31m[K                "/x3/odometry",[m[K
[1.662s]       |                 [01;31m[K~~~~~~~~~~~~~~~[m[K                                              
[1.662s]    18 | [01;31m[K                10,[m[K
[1.662s]       |                 [01;31m[K~~~[m[K                                                          
[1.662s]    19 | [01;31m[K                std::bind(&UAV_Nav_Publisher::PosCallback, this, std::placeholders::_1)[m[K
[1.662s]       |                 [01;31m[K~~~~~~~~~~~~~~~~~~~~~~~~~~~~~~~~~~~~~~~~~~~~~~~~~~~~~~~~~~~~~~~~~~~~~~~[m[K
[1.662s]    20 | [01;31m[K            )[m[K;
[1.662s]       |             [01;31m[K~[m[K                                                                
[1.979s] gmake[2]: *** [CMakeFiles/UAV_pid_control_node.dir/build.make:76: CMakeFiles/UAV_pid_control_node.dir/src/UAV_navigation.cpp.o] Error 1
[1.980s] gmake[1]: *** [CMakeFiles/Makefile2:221: CMakeFiles/UAV_pid_control_node.dir/all] Error 2
[1.980s] gmake: *** [Makefile:146: all] Error 2
[1.982s] Invoked command in '/home/cirl/ros_gz_project_template-main/build/ros_gz_example_application' returned '2': CMAKE_PREFIX_PATH=${CMAKE_PREFIX_PATH}:/opt/ros/jazzy DEBUGINFOD_URLS=https://debuginfod.ubuntu.com /usr/bin/cmake --build /home/cirl/ros_gz_project_template-main/build/ros_gz_example_application -- -j32 -l32
