[01m[K/home/cirl/ros_gz_project_template-main/ros_gz_example_application/src/odometry.cpp:[m[K In member function â€˜[01m[Kbool four_wheel_steering_controller::Odometry::[01;32m[Kupdate[m[K(const double&, const double&, const double&, const double&, double, double, const rclcpp::Time&)[m[Kâ€™:
[01m[K/home/cirl/ros_gz_project_template-main/ros_gz_example_application/src/odometry.cpp:51:14:[m[K [01;31m[Kerror: [m[Kno matching function for call to â€˜[01m[Kfour_wheel_steering_controller::Odometry::integrateXY(double, double, double)[m[Kâ€™
   51 |   [01;31m[KintegrateXY(linear_x_ * dt, linear_y_ * dt, angular_ * dt)[m[K;
      |   [01;31m[K~~~~~~~~~~~^~~~~~~~~~~~~~~~~~~~~~~~~~~~~~~~~~~~~~~~~~~~~~~[m[K
In file included from [01m[K/home/cirl/ros_gz_project_template-main/ros_gz_example_application/src/odometry.cpp:1[m[K:
[01m[K/home/cirl/ros_gz_project_template-main/ros_gz_example_application/include/ros_gz_example_application/odometry.hpp:216:10:[m[K [01;36m[Knote: [m[Kcandidate: â€˜[01m[Kvoid four_wheel_steering_controller::Odometry::[01;32m[KintegrateXY[m[K(double, double, double, bool)[m[Kâ€™
  216 |     void [01;36m[KintegrateXY[m[K(double linear_x, double linear_y, double angular, bool pivot_turn);
      |          [01;36m[K^~~~~~~~~~~[m[K
[01m[K/home/cirl/ros_gz_project_template-main/ros_gz_example_application/include/ros_gz_example_application/odometry.hpp:216:10:[m[K [01;36m[Knote: [m[K  candidate expects 4 arguments, 3 provided
gmake[2]: *** [CMakeFiles/odometry_publisher_node.dir/build.make:76: CMakeFiles/odometry_publisher_node.dir/src/odometry.cpp.o] Error 1
gmake[1]: *** [CMakeFiles/Makefile2:277: CMakeFiles/odometry_publisher_node.dir/all] Error 2
gmake: *** [Makefile:146: all] Error 2
