[0.005s] Invoking command in '/home/cirl/ros_gz_project_template-main/build/ros_gz_example_application': CMAKE_PREFIX_PATH=${CMAKE_PREFIX_PATH}:/opt/ros/jazzy DEBUGINFOD_URLS=https://debuginfod.ubuntu.com /usr/bin/cmake --build /home/cirl/ros_gz_project_template-main/build/ros_gz_example_application -- -j32 -l32
[0.041s] [ 66%] [32mBuilding CXX object CMakeFiles/image_processor_node.dir/src/cascade_classifier.cpp.o[0m
[0.041s] [ 83%] Built target listener
[0.041s] [ 83%] Built target talker
[1.216s] [01m[K/home/cirl/ros_gz_project_template-main/ros_gz_example_application/src/cascade_classifier.cpp:[m[K In member function â€˜[01m[Kvoid ImagePublisher::[01;32m[KRobotDetection[m[K(const cv_bridge::CvImagePtr&, const std_msgs::msg::Header&)[m[Kâ€™:
[1.216s] [01m[K/home/cirl/ros_gz_project_template-main/ros_gz_example_application/src/cascade_classifier.cpp:41:13:[m[K [01;31m[Kerror: [m[Kexpected â€˜[01m[K,[m[Kâ€™ or â€˜[01m[K;[m[Kâ€™ before â€˜[01m[Kif[m[Kâ€™
[1.216s]    41 |             [01;31m[Kif[m[K(!Robot_cascade.load(RobotClassifier)){
[1.216s]       |             [01;31m[K^~[m[K
[1.697s] gmake[2]: *** [CMakeFiles/image_processor_node.dir/build.make:76: CMakeFiles/image_processor_node.dir/src/cascade_classifier.cpp.o] Error 1
[1.697s] gmake[1]: *** [CMakeFiles/Makefile2:193: CMakeFiles/image_processor_node.dir/all] Error 2
[1.697s] gmake: *** [Makefile:146: all] Error 2
[1.699s] Invoked command in '/home/cirl/ros_gz_project_template-main/build/ros_gz_example_application' returned '2': CMAKE_PREFIX_PATH=${CMAKE_PREFIX_PATH}:/opt/ros/jazzy DEBUGINFOD_URLS=https://debuginfod.ubuntu.com /usr/bin/cmake --build /home/cirl/ros_gz_project_template-main/build/ros_gz_example_application -- -j32 -l32
