[0.006s] Invoking command in '/home/cirl/ros_gz_project_template-main/build/ros_gz_example_application': CMAKE_PREFIX_PATH=${CMAKE_PREFIX_PATH}:/home/cirl/ros_gz_project_template-main/install/ros_rl:/home/cirl/ros_gz_project_template-main/install/gps_to_gazebo:/opt/ros/jazzy DEBUGINFOD_URLS=https://debuginfod.ubuntu.com /usr/bin/cmake --build /home/cirl/ros_gz_project_template-main/build/ros_gz_example_application -- -j32 -l32
[0.026s] -- Found ament_cmake: 2.5.3 (/opt/ros/jazzy/share/ament_cmake/cmake)
[0.183s] -- Override CMake install command with custom implementation using symlinks instead of copying resources
[0.190s] -- Found rclcpp: 28.1.8 (/opt/ros/jazzy/share/rclcpp/cmake)
[0.210s] -- Found rosidl_generator_c: 4.6.5 (/opt/ros/jazzy/share/rosidl_generator_c/cmake)
[0.216s] -- Found rosidl_generator_cpp: 4.6.5 (/opt/ros/jazzy/share/rosidl_generator_cpp/cmake)
[0.223s] -- Using all available rosidl_typesupport_c: rosidl_typesupport_fastrtps_c;rosidl_typesupport_introspection_c
[0.231s] -- Using all available rosidl_typesupport_cpp: rosidl_typesupport_fastrtps_cpp;rosidl_typesupport_introspection_cpp
[0.269s] -- Found rmw_implementation_cmake: 7.3.2 (/opt/ros/jazzy/share/rmw_implementation_cmake/cmake)
[0.270s] -- Found rmw_fastrtps_cpp: 8.4.2 (/opt/ros/jazzy/share/rmw_fastrtps_cpp/cmake)
[0.332s] -- Using RMW implementation 'rmw_fastrtps_cpp' as default
[0.374s] -- Found std_msgs: 5.3.6 (/opt/ros/jazzy/share/std_msgs/cmake)
[0.386s] -- Found cv_bridge: 4.1.0 (/opt/ros/jazzy/share/cv_bridge/cmake)
[0.412s] -- Found image_transport: 5.1.6 (/opt/ros/jazzy/share/image_transport/cmake)
[0.420s] -- Found nav_msgs: 5.3.6 (/opt/ros/jazzy/share/nav_msgs/cmake)
[0.436s] -- Found tf2: 0.36.9 (/opt/ros/jazzy/share/tf2/cmake)
[0.439s] -- Found tf2_geometry_msgs: 0.36.9 (/opt/ros/jazzy/share/tf2_geometry_msgs/cmake)
[0.441s] -- Found eigen3_cmake_module: 0.3.0 (/opt/ros/jazzy/share/eigen3_cmake_module/cmake)
[0.442s] -- Ensuring Eigen3 include directory is part of orocos-kdl CMake target
[0.562s] -- Configuring done (0.5s)
[0.580s] -- Generating done (0.0s)
[0.586s] -- Build files have been written to: /home/cirl/ros_gz_project_template-main/build/ros_gz_example_application
[0.612s] [ 15%] [32mBuilding CXX object CMakeFiles/odometry_publisher_node.dir/src/odometry_publish.cpp.o[0m
[0.612s] [ 15%] [32mBuilding CXX object CMakeFiles/odometry_publisher_node.dir/src/odometry.cpp.o[0m
[0.614s] [ 23%] [32mBuilding CXX object CMakeFiles/UAV_pid_control_node.dir/src/UAV_navigation.cpp.o[0m
[0.616s] [ 30%] [32mBuilding CXX object CMakeFiles/listener.dir/src/subscriber_lambda_function.cpp.o[0m
[0.617s] [ 38%] [32mBuilding CXX object CMakeFiles/Robot_pid_control_node.dir/src/Robot_navigation.cpp.o[0m
[0.618s] [ 46%] [32mBuilding CXX object CMakeFiles/talker.dir/src/publisher_lambda_function.cpp.o[0m
[0.619s] [ 53%] [32mBuilding CXX object CMakeFiles/image_processor_node.dir/src/cascade_classifier.cpp.o[0m
[0.620s] [01m[K/home/cirl/ros_gz_project_template-main/ros_gz_example_application/src/odometry.cpp:1:10:[m[K [01;31m[Kfatal error: [m[Kodometry.hpp: No such file or directory
[0.620s]     1 | #include [01;31m[K"odometry.hpp"[m[K
[0.620s]       |          [01;31m[K^~~~~~~~~~~~~~[m[K
[0.620s] compilation terminated.
[0.621s] gmake[2]: *** [CMakeFiles/odometry_publisher_node.dir/build.make:76: CMakeFiles/odometry_publisher_node.dir/src/odometry.cpp.o] Error 1
[0.621s] gmake[2]: *** Waiting for unfinished jobs....
[0.739s] [01m[K/home/cirl/ros_gz_project_template-main/ros_gz_example_application/src/odometry_publish.cpp:5:10:[m[K [01;31m[Kfatal error: [m[Ksensor_msgs/msg/joint_state.hpp: No such file or directory
[0.739s]     5 | #include [01;31m[K"sensor_msgs/msg/joint_state.hpp"[m[K
[0.739s]       |          [01;31m[K^~~~~~~~~~~~~~~~~~~~~~~~~~~~~~~~~[m[K
[0.739s] compilation terminated.
[0.741s] gmake[2]: *** [CMakeFiles/odometry_publisher_node.dir/build.make:90: CMakeFiles/odometry_publisher_node.dir/src/odometry_publish.cpp.o] Error 1
[0.741s] gmake[1]: *** [CMakeFiles/Makefile2:277: CMakeFiles/odometry_publisher_node.dir/all] Error 2
[0.741s] gmake[1]: *** Waiting for unfinished jobs....
[2.640s] [ 61%] [32m[1mLinking CXX executable talker[0m
[2.737s] [ 61%] Built target talker
[4.028s] [ 69%] [32m[1mLinking CXX executable listener[0m
[4.155s] [ 69%] Built target listener
[4.368s] [ 76%] [32m[1mLinking CXX executable UAV_pid_control_node[0m
[4.409s] [ 84%] [32m[1mLinking CXX executable Robot_pid_control_node[0m
[4.505s] [ 84%] Built target UAV_pid_control_node
[4.575s] [ 84%] Built target Robot_pid_control_node
[4.800s] [ 92%] [32m[1mLinking CXX executable image_processor_node[0m
[4.948s] /usr/bin/ld: warning: libopencv_imgcodecs.so.406, needed by /opt/ros/jazzy/lib/libcv_bridge.so, may conflict with libopencv_imgcodecs.so.412
[4.948s] /usr/bin/ld: warning: libopencv_imgproc.so.406, needed by /opt/ros/jazzy/lib/libcv_bridge.so, may conflict with libopencv_imgproc.so.412
[4.948s] /usr/bin/ld: warning: libopencv_core.so.406, needed by /opt/ros/jazzy/lib/libcv_bridge.so, may conflict with libopencv_core.so.412
[5.108s] [ 92%] Built target image_processor_node
[5.109s] gmake: *** [Makefile:146: all] Error 2
[5.111s] Invoked command in '/home/cirl/ros_gz_project_template-main/build/ros_gz_example_application' returned '2': CMAKE_PREFIX_PATH=${CMAKE_PREFIX_PATH}:/home/cirl/ros_gz_project_template-main/install/ros_rl:/home/cirl/ros_gz_project_template-main/install/gps_to_gazebo:/opt/ros/jazzy DEBUGINFOD_URLS=https://debuginfod.ubuntu.com /usr/bin/cmake --build /home/cirl/ros_gz_project_template-main/build/ros_gz_example_application -- -j32 -l32
