[01m[K/home/cirl/ros_gz_project_template-main/ros_gz_example_application/src/Robot_navigation.cpp:[m[K In constructor â€˜[01m[KRobotNavController::[01;32m[KRobotNavController[m[K()[m[Kâ€™:
[01m[K/home/cirl/ros_gz_project_template-main/ros_gz_example_application/src/Robot_navigation.cpp:35:17:[m[K [01;31m[Kerror: [m[Kâ€˜[01m[Kpair[m[Kâ€™ does not name a type
   35 |         typedef [01;31m[Kpair[m[K<int, int> State;
      |                 [01;31m[K^~~~[m[K
[01m[K/home/cirl/ros_gz_project_template-main/ros_gz_example_application/src/Robot_navigation.cpp:36:17:[m[K [01;31m[Kerror: [m[Kâ€˜[01m[Kvector[m[Kâ€™ does not name a type
   36 |         typedef [01;31m[Kvector[m[K<State> Neighbors;
      |                 [01;31m[K^~~~~~[m[K
[01m[K/home/cirl/ros_gz_project_template-main/ros_gz_example_application/src/Robot_navigation.cpp:38:9:[m[K [01;31m[Kerror: [m[Kâ€˜[01m[Kmap[m[Kâ€™ was not declared in this scope
   38 |         [01;31m[Kmap[m[K<State, Neighbors> grid_map;
      |         [01;31m[K^~~[m[K
[01m[K/home/cirl/ros_gz_project_template-main/ros_gz_example_application/src/Robot_navigation.cpp:38:9:[m[K [01;36m[Knote: [m[Ksuggested alternatives:
In file included from [01m[K/usr/include/c++/13/map:63[m[K,
                 from [01m[K/opt/ros/jazzy/include/rclcpp/rclcpp/executor.hpp:24[m[K,
                 from [01m[K/opt/ros/jazzy/include/rclcpp/rclcpp/executors/multi_threaded_executor.hpp:25[m[K,
                 from [01m[K/opt/ros/jazzy/include/rclcpp/rclcpp/executors.hpp:21[m[K,
                 from [01m[K/opt/ros/jazzy/include/rclcpp/rclcpp/rclcpp.hpp:172[m[K,
                 from [01m[K/home/cirl/ros_gz_project_template-main/ros_gz_example_application/src/Robot_navigation.cpp:3[m[K:
[01m[K/usr/include/c++/13/bits/stl_map.h:102:11:[m[K [01;36m[Knote: [m[K  â€˜[01m[Kstd::map[m[Kâ€™
  102 |     class [01;36m[Kmap[m[K
      |           [01;36m[K^~~[m[K
[01m[K/usr/include/c++/13/map:80:13:[m[K [01;36m[Knote: [m[K  â€˜[01m[Kstd::pmr::map[m[Kâ€™
   80 |       using [01;36m[Kmap[m[K
      |             [01;36m[K^~~[m[K
[01m[K/home/cirl/ros_gz_project_template-main/ros_gz_example_application/src/Robot_navigation.cpp:38:13:[m[K [01;31m[Kerror: [m[Kâ€˜[01m[KState[m[Kâ€™ was not declared in this scope; did you mean â€˜[01m[K_xstate[m[Kâ€™?
   38 |         map<[01;31m[KState[m[K, Neighbors> grid_map;
      |             [01;31m[K^~~~~[m[K
      |             [32m[K_xstate[m[K
[01m[K/home/cirl/ros_gz_project_template-main/ros_gz_example_application/src/Robot_navigation.cpp:38:20:[m[K [01;31m[Kerror: [m[Kâ€˜[01m[KNeighbors[m[Kâ€™ was not declared in this scope
   38 |         map<State, [01;31m[KNeighbors[m[K> grid_map;
      |                    [01;31m[K^~~~~~~~~[m[K
[01m[K/home/cirl/ros_gz_project_template-main/ros_gz_example_application/src/Robot_navigation.cpp:38:31:[m[K [01;31m[Kerror: [m[Kâ€˜[01m[Kgrid_map[m[Kâ€™ was not declared in this scope
   38 |         map<State, Neighbors> [01;31m[Kgrid_map[m[K;
      |                               [01;31m[K^~~~~~~~[m[K
[01m[K/home/cirl/ros_gz_project_template-main/ros_gz_example_application/src/Robot_navigation.cpp:43:9:[m[K [01;31m[Kerror: [m[Kâ€˜[01m[Kvector[m[Kâ€™ was not declared in this scope
   43 |         [01;31m[Kvector[m[K<State> directions = {{-1, 0}, {1, 0}, {0, -1}, {0, 1}};
      |         [01;31m[K^~~~~~[m[K
[01m[K/home/cirl/ros_gz_project_template-main/ros_gz_example_application/src/Robot_navigation.cpp:43:9:[m[K [01;36m[Knote: [m[Ksuggested alternatives:
In file included from [01m[K/usr/include/c++/13/vector:66[m[K,
                 from [01m[K/opt/ros/jazzy/include/rclcpp/rclcpp/copy_all_parameter_values.hpp:19[m[K,
                 from [01m[K/opt/ros/jazzy/include/rclcpp/rclcpp/rclcpp.hpp:171[m[K:
[01m[K/usr/include/c++/13/bits/stl_vector.h:428:11:[m[K [01;36m[Knote: [m[K  â€˜[01m[Kstd::vector[m[Kâ€™
  428 |     class [01;36m[Kvector[m[K : protected _Vector_base<_Tp, _Alloc>
      |           [01;36m[K^~~~~~[m[K
[01m[K/usr/include/c++/13/vector:86:13:[m[K [01;36m[Knote: [m[K  â€˜[01m[Kstd::pmr::vector[m[Kâ€™
   86 |       using [01;36m[Kvector[m[K = std::vector<_Tp, polymorphic_allocator<_Tp>>;
      |             [01;36m[K^~~~~~[m[K
[01m[K/home/cirl/ros_gz_project_template-main/ros_gz_example_application/src/Robot_navigation.cpp:43:23:[m[K [01;31m[Kerror: [m[Kâ€˜[01m[Kdirections[m[Kâ€™ was not declared in this scope
   43 |         vector<State> [01;31m[Kdirections[m[K = {{-1, 0}, {1, 0}, {0, -1}, {0, 1}};
      |                       [01;31m[K^~~~~~~~~~[m[K
[01m[K/home/cirl/ros_gz_project_template-main/ros_gz_example_application/src/Robot_navigation.cpp:47:23:[m[K [01;31m[Kerror: [m[Kexpected â€˜[01m[K;[m[Kâ€™ before â€˜[01m[Kcurrent[m[Kâ€™
   47 |                 State [01;31m[Kcurrent[m[K = {x, y};
      |                       [01;31m[K^~~~~~~[m[K
[01m[K/home/cirl/ros_gz_project_template-main/ros_gz_example_application/src/Robot_navigation.cpp:48:27:[m[K [01;31m[Kerror: [m[Kexpected â€˜[01m[K;[m[Kâ€™ before â€˜[01m[Kneighbors[m[Kâ€™
   48 |                 Neighbors [01;31m[Kneighbors[m[K;
      |                           [01;31m[K^~~~~~~~~[m[K
[01m[K/home/cirl/ros_gz_project_template-main/ros_gz_example_application/src/Robot_navigation.cpp:55:25:[m[K [01;31m[Kerror: [m[Kâ€˜[01m[Kneighbors[m[Kâ€™ was not declared in this scope
   55 |                         [01;31m[Kneighbors[m[K.emplace_back(nx, ny);
      |                         [01;31m[K^~~~~~~~~[m[K
[01m[K/home/cirl/ros_gz_project_template-main/ros_gz_example_application/src/Robot_navigation.cpp:59:26:[m[K [01;31m[Kerror: [m[Kâ€˜[01m[Kcurrent[m[Kâ€™ was not declared in this scope
   59 |                 grid_map[[01;31m[Kcurrent[m[K] = neighbors;
      |                          [01;31m[K^~~~~~~[m[K
[01m[K/home/cirl/ros_gz_project_template-main/ros_gz_example_application/src/Robot_navigation.cpp:59:37:[m[K [01;31m[Kerror: [m[Kâ€˜[01m[Kneighbors[m[Kâ€™ was not declared in this scope
   59 |                 grid_map[current] = [01;31m[Kneighbors[m[K;
      |                                     [01;31m[K^~~~~~~~~[m[K
[01m[K/home/cirl/ros_gz_project_template-main/ros_gz_example_application/src/Robot_navigation.cpp:[m[K In member function â€˜[01m[Kvoid RobotNavController::[01;32m[KodomCallback[m[K(nav_msgs::msg::Odometry_<std::allocator<void> >::SharedPtr)[m[Kâ€™:
[01m[K/home/cirl/ros_gz_project_template-main/ros_gz_example_application/src/Robot_navigation.cpp:141:52:[m[K [01;31m[Kerror: [m[Kâ€˜[01m[Krows[m[Kâ€™ was not declared in this scope
  141 |         auto grid_pos = continuousToGridCell(x, y, [01;31m[Krows[m[K, cols);
      |                                                    [01;31m[K^~~~[m[K
[01m[K/home/cirl/ros_gz_project_template-main/ros_gz_example_application/src/Robot_navigation.cpp:141:58:[m[K [01;31m[Kerror: [m[Kâ€˜[01m[Kcols[m[Kâ€™ was not declared in this scope; did you mean â€˜[01m[Kcosl[m[Kâ€™?
  141 |         auto grid_pos = continuousToGridCell(x, y, rows, [01;31m[Kcols[m[K);
      |                                                          [01;31m[K^~~~[m[K
      |                                                          [32m[Kcosl[m[K
In file included from [01m[K/opt/ros/jazzy/include/rclcpp/rclcpp/logging.hpp:24[m[K,
                 from [01m[K/opt/ros/jazzy/include/rclcpp/rclcpp/copy_all_parameter_values.hpp:27[m[K:
[01m[K/home/cirl/ros_gz_project_template-main/ros_gz_example_application/src/Robot_navigation.cpp:142:105:[m[K [01;31m[Kerror: [m[Kâ€˜[01m[Kgrid_map[m[Kâ€™ was not declared in this scope
  142 |         RCLCPP_INFO(this->get_logger(), "Current location: (%.2f, %.2f). The adjacent cells: %s", x, y, [01;31m[Kgrid_map[m[K[{x, y}].c_str());
      |                                                                                                         [01;31m[K^~~~~~~~[m[K
gmake[2]: *** [CMakeFiles/Robot_pid_control_node.dir/build.make:76: CMakeFiles/Robot_pid_control_node.dir/src/Robot_navigation.cpp.o] Error 1
gmake[1]: *** [CMakeFiles/Makefile2:251: CMakeFiles/Robot_pid_control_node.dir/all] Error 2
gmake: *** [Makefile:146: all] Error 2
