[0.005s] Invoking command in '/home/cirl/ros_gz_project_template-main/build/ros_gz_example_application': CMAKE_PREFIX_PATH=${CMAKE_PREFIX_PATH}:/opt/ros/jazzy DEBUGINFOD_URLS=https://debuginfod.ubuntu.com /usr/bin/cmake --build /home/cirl/ros_gz_project_template-main/build/ros_gz_example_application -- -j32 -l32
[0.038s] [ 16%] [32mBuilding CXX object CMakeFiles/image_processor_node.dir/src/cascade_classifier.cpp.o[0m
[0.042s] [ 50%] Built target talker
[0.047s] [ 83%] Built target listener
[1.187s] [01m[K/home/cirl/ros_gz_project_template-main/ros_gz_example_application/src/cascade_classifier.cpp:[m[K In member function â€˜[01m[Kvoid ImagePublisher::[01;32m[KimageCallback[m[K(const sensor_msgs::msg::Image_<std::allocator<void> >::ConstSharedPtr&)[m[Kâ€™:
[1.187s] [01m[K/home/cirl/ros_gz_project_template-main/ros_gz_example_application/src/cascade_classifier.cpp:58:36:[m[K [01;31m[Kerror: [m[Kcannot convert â€˜[01m[Kcv::Mat[m[Kâ€™ to â€˜[01m[Kconst cv_bridge::CvImagePtr&[m[Kâ€™ {aka â€˜[01m[Kconst std::shared_ptr<cv_bridge::CvImage>&[m[Kâ€™}
[1.187s]    58 |             RobotDetection([01;31m[Kcv_ptr->image[m[K, msg->header);
[1.187s]       |                            [01;31m[K~~~~~~~~^~~~~[m[K
[1.187s]       |                                    [01;31m[K|[m[K
[1.187s]       |                                    [01;31m[Kcv::Mat[m[K
[1.187s] [01m[K/home/cirl/ros_gz_project_template-main/ros_gz_example_application/src/cascade_classifier.cpp:34:58:[m[K [01;36m[Knote: [m[K  initializing argument 1 of â€˜[01m[Kvoid ImagePublisher::[01;32m[KRobotDetection[m[K(const cv_bridge::CvImagePtr&, const std_msgs::msg::Header&)[m[Kâ€™
[1.187s]    34 |         void RobotDetection([01;36m[Kconst cv_bridge::CvImagePtr& cv_ptr[m[K, const std_msgs::msg::Header& header){
[1.187s]       |                             [01;36m[K~~~~~~~~~~~~~~~~~~~~~~~~~~~~~^~~~~~[m[K
[1.668s] gmake[2]: *** [CMakeFiles/image_processor_node.dir/build.make:76: CMakeFiles/image_processor_node.dir/src/cascade_classifier.cpp.o] Error 1
[1.668s] gmake[1]: *** [CMakeFiles/Makefile2:193: CMakeFiles/image_processor_node.dir/all] Error 2
[1.668s] gmake: *** [Makefile:146: all] Error 2
[1.669s] Invoked command in '/home/cirl/ros_gz_project_template-main/build/ros_gz_example_application' returned '2': CMAKE_PREFIX_PATH=${CMAKE_PREFIX_PATH}:/opt/ros/jazzy DEBUGINFOD_URLS=https://debuginfod.ubuntu.com /usr/bin/cmake --build /home/cirl/ros_gz_project_template-main/build/ros_gz_example_application -- -j32 -l32
