[0.121s] Invoking command in '/home/cirl/ros_gz_project_template-main/build/ros_gz_example_application': CMAKE_PREFIX_PATH=${CMAKE_PREFIX_PATH}:/home/cirl/ros_gz_project_template-main/install/ros_rl:/home/cirl/ros_gz_project_template-main/install/gps_to_gazebo:/opt/ros/jazzy DEBUGINFOD_URLS=https://debuginfod.ubuntu.com /usr/bin/cmake --build /home/cirl/ros_gz_project_template-main/build/ros_gz_example_application -- -j32 -l32
[0.230s] [ 15%] Built target listener
[0.230s] [ 30%] Built target UAV_pid_control_node
[0.230s] [ 46%] Built target Robot_pid_control_node
[0.230s] [ 61%] Built target talker
[0.230s] [ 76%] Built target image_processor_node
[0.230s] [ 84%] [32mBuilding CXX object CMakeFiles/odometry_publisher_node.dir/src/odometry.cpp.o[0m
[1.114s] [01m[K/home/cirl/ros_gz_project_template-main/ros_gz_example_application/src/odometry.cpp:[m[K In member function â€˜[01m[Kbool four_wheel_steering_controller::Odometry::[01;32m[Kupdate[m[K(const double&, const double&, const double&, const double&, double, double, const rclcpp::Time&)[m[Kâ€™:
[1.115s] [01m[K/home/cirl/ros_gz_project_template-main/ros_gz_example_application/src/odometry.cpp:59:42:[m[K [01;31m[Kerror: [m[Kâ€˜[01m[Kfl_steer_[m[Kâ€™ was not declared in this scope; did you mean â€˜[01m[Kfl_speed[m[Kâ€™?
[1.115s]    59 |   const bool opp_steer_front = std::fabs([01;31m[Kfl_steer_[m[K + fr_steer_) < steer_threshold;
[1.115s]       |                                          [01;31m[K^~~~~~~~~[m[K
[1.115s]       |                                          [32m[Kfl_speed[m[K
[1.117s] [01m[K/home/cirl/ros_gz_project_template-main/ros_gz_example_application/src/odometry.cpp:59:54:[m[K [01;31m[Kerror: [m[Kâ€˜[01m[Kfr_steer_[m[Kâ€™ was not declared in this scope; did you mean â€˜[01m[Kfr_speed[m[Kâ€™?
[1.117s]    59 |   const bool opp_steer_front = std::fabs(fl_steer_ + [01;31m[Kfr_steer_[m[K) < steer_threshold;
[1.117s]       |                                                      [01;31m[K^~~~~~~~~[m[K
[1.117s]       |                                                      [32m[Kfr_speed[m[K
[1.120s] [01m[K/home/cirl/ros_gz_project_template-main/ros_gz_example_application/src/odometry.cpp:60:42:[m[K [01;31m[Kerror: [m[Kâ€˜[01m[Krl_steer_[m[Kâ€™ was not declared in this scope; did you mean â€˜[01m[Krl_speed[m[Kâ€™?
[1.120s]    60 |   const bool opp_steer_rear  = std::fabs([01;31m[Krl_steer_[m[K + rr_steer_) < steer_threshold;
[1.120s]       |                                          [01;31m[K^~~~~~~~~[m[K
[1.120s]       |                                          [32m[Krl_speed[m[K
[1.122s] [01m[K/home/cirl/ros_gz_project_template-main/ros_gz_example_application/src/odometry.cpp:60:54:[m[K [01;31m[Kerror: [m[Kâ€˜[01m[Krr_steer_[m[Kâ€™ was not declared in this scope; did you mean â€˜[01m[Krr_speed[m[Kâ€™?
[1.122s]    60 |   const bool opp_steer_rear  = std::fabs(rl_steer_ + [01;31m[Krr_steer_[m[K) < steer_threshold;
[1.122s]       |                                                      [01;31m[K^~~~~~~~~[m[K
[1.123s]       |                                                      [32m[Krr_speed[m[K
[1.228s] gmake[2]: *** [CMakeFiles/odometry_publisher_node.dir/build.make:76: CMakeFiles/odometry_publisher_node.dir/src/odometry.cpp.o] Error 1
[1.229s] gmake[1]: *** [CMakeFiles/Makefile2:277: CMakeFiles/odometry_publisher_node.dir/all] Error 2
[1.229s] gmake: *** [Makefile:146: all] Error 2
[1.231s] Invoked command in '/home/cirl/ros_gz_project_template-main/build/ros_gz_example_application' returned '2': CMAKE_PREFIX_PATH=${CMAKE_PREFIX_PATH}:/home/cirl/ros_gz_project_template-main/install/ros_rl:/home/cirl/ros_gz_project_template-main/install/gps_to_gazebo:/opt/ros/jazzy DEBUGINFOD_URLS=https://debuginfod.ubuntu.com /usr/bin/cmake --build /home/cirl/ros_gz_project_template-main/build/ros_gz_example_application -- -j32 -l32
