[0.014s] Invoking command in '/home/cirl/ros_gz_project_template-main/build/ros_gz_example_application': CMAKE_PREFIX_PATH=${CMAKE_PREFIX_PATH}:/opt/ros/jazzy DEBUGINFOD_URLS=https://debuginfod.ubuntu.com /usr/bin/cmake --build /home/cirl/ros_gz_project_template-main/build/ros_gz_example_application -- -j32 -l32
[0.053s] [ 25%] Built target listener
[0.055s] [ 50%] Built target talker
[0.060s] [ 75%] Built target image_processor_node
[0.067s] [ 87%] [32mBuilding CXX object CMakeFiles/UAV_pid_control_node.dir/src/UAV_navigation.cpp.o[0m
[1.208s] [01m[K/home/cirl/ros_gz_project_template-main/ros_gz_example_application/src/UAV_navigation.cpp:52:9:[m[K [01;31m[Kerror: [m[Kâ€˜[01m[Kimage_transport[m[Kâ€™ does not name a type
[1.208s]    52 |         [01;31m[Kimage_transport[m[K::Publisher publisher_;
[1.208s]       |         [01;31m[K^~~~~~~~~~~~~~~[m[K
[2.288s] gmake[2]: *** [CMakeFiles/UAV_pid_control_node.dir/build.make:76: CMakeFiles/UAV_pid_control_node.dir/src/UAV_navigation.cpp.o] Error 1
[2.288s] gmake[1]: *** [CMakeFiles/Makefile2:221: CMakeFiles/UAV_pid_control_node.dir/all] Error 2
[2.288s] gmake: *** [Makefile:146: all] Error 2
[2.290s] Invoked command in '/home/cirl/ros_gz_project_template-main/build/ros_gz_example_application' returned '2': CMAKE_PREFIX_PATH=${CMAKE_PREFIX_PATH}:/opt/ros/jazzy DEBUGINFOD_URLS=https://debuginfod.ubuntu.com /usr/bin/cmake --build /home/cirl/ros_gz_project_template-main/build/ros_gz_example_application -- -j32 -l32
