[ 25%] Built target talker
[ 62%] Built target listener
[ 62%] [32mBuilding CXX object CMakeFiles/UAV_pid_control_node.dir/src/UAV_navigation.cpp.o[0m
[ 87%] Built target image_processor_node
[01m[K/home/cirl/ros_gz_project_template-main/ros_gz_example_application/src/UAV_navigation.cpp:[m[K In constructor â€˜[01m[KUAV_Nav_Publisher::[01;32m[KUAV_Nav_Publisher[m[K()[m[Kâ€™:
[01m[K/home/cirl/ros_gz_project_template-main/ros_gz_example_application/src/UAV_navigation.cpp:22:26:[m[K [01;31m[Kerror: [m[Kâ€˜[01m[Kgz_node_[m[Kâ€™ was not declared in this scope; did you mean â€˜[01m[Krmw_node_t[m[Kâ€™?
   22 |             publisher_ = [01;31m[Kgz_node_[m[K.Advertise<geometry_msgs::msg::Twist>("/model/x3/cmd_vel");
      |                          [01;31m[K^~~~~~~~[m[K
      |                          [32m[Krmw_node_t[m[K
[01m[K/home/cirl/ros_gz_project_template-main/ros_gz_example_application/src/UAV_navigation.cpp:22:70:[m[K [01;31m[Kerror: [m[Kexpected primary-expression before â€˜[01m[K>[m[Kâ€™ token
   22 |             publisher_ = gz_node_.Advertise<geometry_msgs::msg::Twist[01;31m[K>[m[K("/model/x3/cmd_vel");
      |                                                                      [01;31m[K^[m[K
gmake[2]: *** [CMakeFiles/UAV_pid_control_node.dir/build.make:76: CMakeFiles/UAV_pid_control_node.dir/src/UAV_navigation.cpp.o] Error 1
gmake[1]: *** [CMakeFiles/Makefile2:221: CMakeFiles/UAV_pid_control_node.dir/all] Error 2
gmake: *** [Makefile:146: all] Error 2
