[0.010s] Invoking command in '/home/cirl/ros_gz_project_template-main/build/ros_gz_example_application': CMAKE_PREFIX_PATH=${CMAKE_PREFIX_PATH}:/opt/ros/jazzy DEBUGINFOD_URLS=https://debuginfod.ubuntu.com /usr/bin/cmake --build /home/cirl/ros_gz_project_template-main/build/ros_gz_example_application -- -j32 -l32
[0.058s] [ 25%] Built target talker
[0.061s] [ 62%] Built target listener
[0.061s] [ 62%] [32mBuilding CXX object CMakeFiles/UAV_pid_control_node.dir/src/UAV_navigation.cpp.o[0m
[0.069s] [ 87%] Built target image_processor_node
[1.299s] [01m[K/home/cirl/ros_gz_project_template-main/ros_gz_example_application/src/UAV_navigation.cpp:[m[K In constructor â€˜[01m[KUAV_Nav_Publisher::[01;32m[KUAV_Nav_Publisher[m[K()[m[Kâ€™:
[1.299s] [01m[K/home/cirl/ros_gz_project_template-main/ros_gz_example_application/src/UAV_navigation.cpp:22:26:[m[K [01;31m[Kerror: [m[Kâ€˜[01m[Kgz_node_[m[Kâ€™ was not declared in this scope; did you mean â€˜[01m[Krmw_node_t[m[Kâ€™?
[1.299s]    22 |             publisher_ = [01;31m[Kgz_node_[m[K.Advertise<geometry_msgs::msg::Twist>("/model/x3/cmd_vel");
[1.299s]       |                          [01;31m[K^~~~~~~~[m[K
[1.299s]       |                          [32m[Krmw_node_t[m[K
[1.299s] [01m[K/home/cirl/ros_gz_project_template-main/ros_gz_example_application/src/UAV_navigation.cpp:22:70:[m[K [01;31m[Kerror: [m[Kexpected primary-expression before â€˜[01m[K>[m[Kâ€™ token
[1.299s]    22 |             publisher_ = gz_node_.Advertise<geometry_msgs::msg::Twist[01;31m[K>[m[K("/model/x3/cmd_vel");
[1.299s]       |                                                                      [01;31m[K^[m[K
[2.442s] gmake[2]: *** [CMakeFiles/UAV_pid_control_node.dir/build.make:76: CMakeFiles/UAV_pid_control_node.dir/src/UAV_navigation.cpp.o] Error 1
[2.442s] gmake[1]: *** [CMakeFiles/Makefile2:221: CMakeFiles/UAV_pid_control_node.dir/all] Error 2
[2.442s] gmake: *** [Makefile:146: all] Error 2
[2.445s] Invoked command in '/home/cirl/ros_gz_project_template-main/build/ros_gz_example_application' returned '2': CMAKE_PREFIX_PATH=${CMAKE_PREFIX_PATH}:/opt/ros/jazzy DEBUGINFOD_URLS=https://debuginfod.ubuntu.com /usr/bin/cmake --build /home/cirl/ros_gz_project_template-main/build/ros_gz_example_application -- -j32 -l32
