In file included from [01m[K/home/cirl/ros_gz_project_template-main/ros_gz_example_application/src/odometry.cpp:1[m[K:
[01m[K/home/cirl/ros_gz_project_template-main/ros_gz_example_application/include/ros_gz_example_application/odometry.hpp:38:10:[m[K [01;31m[Kfatal error: [m[Kros/time.h: No such file or directory
   38 | #include [01;31m[K<ros/time.h>[m[K
      |          [01;31m[K^~~~~~~~~~~~[m[K
compilation terminated.
gmake[2]: *** [CMakeFiles/odometry_publisher_node.dir/build.make:76: CMakeFiles/odometry_publisher_node.dir/src/odometry.cpp.o] Error 1
gmake[2]: *** Waiting for unfinished jobs....
[01m[K/home/cirl/ros_gz_project_template-main/ros_gz_example_application/src/odometry_publish.cpp:5:10:[m[K [01;31m[Kfatal error: [m[Ksensor_msgs/msg/joint_state.hpp: No such file or directory
    5 | #include [01;31m[K"sensor_msgs/msg/joint_state.hpp"[m[K
      |          [01;31m[K^~~~~~~~~~~~~~~~~~~~~~~~~~~~~~~~~[m[K
compilation terminated.
gmake[2]: *** [CMakeFiles/odometry_publisher_node.dir/build.make:90: CMakeFiles/odometry_publisher_node.dir/src/odometry_publish.cpp.o] Error 1
gmake[1]: *** [CMakeFiles/Makefile2:277: CMakeFiles/odometry_publisher_node.dir/all] Error 2
gmake: *** [Makefile:146: all] Error 2
