[0.005s] Invoking command in '/home/cirl/ros_gz_project_template-main/build/ros_gz_example_application': CMAKE_PREFIX_PATH=${CMAKE_PREFIX_PATH}:/home/cirl/ros_gz_project_template-main/install/ros_rl:/home/cirl/ros_gz_project_template-main/install/gps_to_gazebo:/opt/ros/jazzy DEBUGINFOD_URLS=https://debuginfod.ubuntu.com /usr/bin/cmake --build /home/cirl/ros_gz_project_template-main/build/ros_gz_example_application -- -j32 -l32
[0.044s] [  7%] [32mBuilding CXX object CMakeFiles/odometry_publisher_node.dir/src/odometry.cpp.o[0m
[0.045s] [ 15%] [32mBuilding CXX object CMakeFiles/odometry_publisher_node.dir/src/odometry_publish.cpp.o[0m
[0.047s] [ 30%] Built target listener
[0.048s] [ 46%] Built target talker
[0.048s] [ 61%] Built target UAV_pid_control_node
[0.049s] [ 76%] Built target image_processor_node
[0.049s] [ 92%] Built target Robot_pid_control_node
[0.050s] In file included from [01m[K/home/cirl/ros_gz_project_template-main/ros_gz_example_application/src/odometry.cpp:1[m[K:
[0.050s] [01m[K/home/cirl/ros_gz_project_template-main/ros_gz_example_application/include/ros_gz_example_application/odometry.hpp:38:10:[m[K [01;31m[Kfatal error: [m[Kros/time.h: No such file or directory
[0.050s]    38 | #include [01;31m[K<ros/time.h>[m[K
[0.050s]       |          [01;31m[K^~~~~~~~~~~~[m[K
[0.050s] compilation terminated.
[0.051s] gmake[2]: *** [CMakeFiles/odometry_publisher_node.dir/build.make:76: CMakeFiles/odometry_publisher_node.dir/src/odometry.cpp.o] Error 1
[0.052s] gmake[2]: *** Waiting for unfinished jobs....
[0.149s] [01m[K/home/cirl/ros_gz_project_template-main/ros_gz_example_application/src/odometry_publish.cpp:5:10:[m[K [01;31m[Kfatal error: [m[Ksensor_msgs/msg/joint_state.hpp: No such file or directory
[0.149s]     5 | #include [01;31m[K"sensor_msgs/msg/joint_state.hpp"[m[K
[0.149s]       |          [01;31m[K^~~~~~~~~~~~~~~~~~~~~~~~~~~~~~~~~[m[K
[0.149s] compilation terminated.
[0.152s] gmake[2]: *** [CMakeFiles/odometry_publisher_node.dir/build.make:90: CMakeFiles/odometry_publisher_node.dir/src/odometry_publish.cpp.o] Error 1
[0.152s] gmake[1]: *** [CMakeFiles/Makefile2:277: CMakeFiles/odometry_publisher_node.dir/all] Error 2
[0.152s] gmake: *** [Makefile:146: all] Error 2
[0.154s] Invoked command in '/home/cirl/ros_gz_project_template-main/build/ros_gz_example_application' returned '2': CMAKE_PREFIX_PATH=${CMAKE_PREFIX_PATH}:/home/cirl/ros_gz_project_template-main/install/ros_rl:/home/cirl/ros_gz_project_template-main/install/gps_to_gazebo:/opt/ros/jazzy DEBUGINFOD_URLS=https://debuginfod.ubuntu.com /usr/bin/cmake --build /home/cirl/ros_gz_project_template-main/build/ros_gz_example_application -- -j32 -l32
